{"C:\\Users\\royal\\Desktop\\Archieve\\GenAi\\public\\app.js": {"path":"C:\\Users\\royal\\Desktop\\Archieve\\GenAi\\public\\app.js","statementMap":{"0":{"start":{"line":17,"column":16},"end":{"line":17,"column":84}},"1":{"start":{"line":21,"column":22},"end":{"line":21,"column":52}},"2":{"start":{"line":24,"column":28},"end":{"line":24,"column":34}},"3":{"start":{"line":27,"column":22},"end":{"line":27,"column":24}},"4":{"start":{"line":32,"column":16},"end":{"line":46,"column":1}},"5":{"start":{"line":49,"column":20},"end":{"line":49,"column":24}},"6":{"start":{"line":50,"column":20},"end":{"line":50,"column":24}},"7":{"start":{"line":51,"column":20},"end":{"line":51,"column":24}},"8":{"start":{"line":52,"column":21},"end":{"line":52,"column":23}},"9":{"start":{"line":55,"column":20},"end":{"line":55,"column":24}},"10":{"start":{"line":56,"column":20},"end":{"line":56,"column":24}},"11":{"start":{"line":57,"column":24},"end":{"line":57,"column":28}},"12":{"start":{"line":58,"column":20},"end":{"line":58,"column":24}},"13":{"start":{"line":59,"column":20},"end":{"line":59,"column":24}},"14":{"start":{"line":60,"column":20},"end":{"line":60,"column":22}},"15":{"start":{"line":68,"column":2},"end":{"line":68,"column":40}},"16":{"start":{"line":68,"column":33},"end":{"line":68,"column":40}},"17":{"start":{"line":69,"column":2},"end":{"line":73,"column":52}},"18":{"start":{"line":70,"column":4},"end":{"line":72,"column":74}},"19":{"start":{"line":70,"column":26},"end":{"line":70,"column":48}},"20":{"start":{"line":71,"column":9},"end":{"line":72,"column":74}},"21":{"start":{"line":71,"column":31},"end":{"line":71,"column":66}},"22":{"start":{"line":72,"column":9},"end":{"line":72,"column":74}},"23":{"start":{"line":72,"column":29},"end":{"line":72,"column":74}},"24":{"start":{"line":73,"column":15},"end":{"line":73,"column":50}},"25":{"start":{"line":80,"column":2},"end":{"line":80,"column":23}},"26":{"start":{"line":83,"column":21},"end":{"line":83,"column":63}},"27":{"start":{"line":84,"column":2},"end":{"line":86,"column":3}},"28":{"start":{"line":85,"column":4},"end":{"line":85,"column":40}},"29":{"start":{"line":87,"column":2},"end":{"line":87,"column":40}},"30":{"start":{"line":90,"column":2},"end":{"line":94,"column":3}},"31":{"start":{"line":91,"column":4},"end":{"line":91,"column":15}},"32":{"start":{"line":93,"column":4},"end":{"line":93,"column":72}},"33":{"start":{"line":97,"column":2},"end":{"line":101,"column":5}},"34":{"start":{"line":98,"column":4},"end":{"line":100,"column":7}},"35":{"start":{"line":99,"column":6},"end":{"line":99,"column":62}},"36":{"start":{"line":99,"column":39},"end":{"line":99,"column":62}},"37":{"start":{"line":106,"column":2},"end":{"line":120,"column":3}},"38":{"start":{"line":107,"column":55},"end":{"line":112,"column":6}},"39":{"start":{"line":108,"column":48},"end":{"line":108,"column":56}},"40":{"start":{"line":109,"column":53},"end":{"line":109,"column":61}},"41":{"start":{"line":110,"column":51},"end":{"line":110,"column":59}},"42":{"start":{"line":111,"column":48},"end":{"line":111,"column":56}},"43":{"start":{"line":113,"column":4},"end":{"line":113,"column":25}},"44":{"start":{"line":114,"column":4},"end":{"line":114,"column":29}},"45":{"start":{"line":115,"column":4},"end":{"line":115,"column":31}},"46":{"start":{"line":116,"column":4},"end":{"line":116,"column":34}},"47":{"start":{"line":117,"column":4},"end":{"line":117,"column":54}},"48":{"start":{"line":119,"column":4},"end":{"line":119,"column":52}},"49":{"start":{"line":127,"column":15},"end":{"line":127,"column":35}},"50":{"start":{"line":129,"column":2},"end":{"line":140,"column":5}},"51":{"start":{"line":130,"column":4},"end":{"line":139,"column":5}},"52":{"start":{"line":131,"column":6},"end":{"line":131,"column":26}},"53":{"start":{"line":132,"column":6},"end":{"line":132,"column":28}},"54":{"start":{"line":134,"column":6},"end":{"line":138,"column":7}},"55":{"start":{"line":135,"column":8},"end":{"line":135,"column":34}},"56":{"start":{"line":137,"column":8},"end":{"line":137,"column":28}},"57":{"start":{"line":142,"column":2},"end":{"line":155,"column":5}},"58":{"start":{"line":144,"column":4},"end":{"line":147,"column":70}},"59":{"start":{"line":145,"column":21},"end":{"line":145,"column":77}},"60":{"start":{"line":146,"column":6},"end":{"line":146,"column":48}},"61":{"start":{"line":146,"column":38},"end":{"line":146,"column":46}},"62":{"start":{"line":147,"column":17},"end":{"line":147,"column":68}},"63":{"start":{"line":149,"column":4},"end":{"line":151,"column":72}},"64":{"start":{"line":150,"column":6},"end":{"line":150,"column":104}},"65":{"start":{"line":150,"column":45},"end":{"line":150,"column":102}},"66":{"start":{"line":151,"column":17},"end":{"line":151,"column":70}},"67":{"start":{"line":153,"column":4},"end":{"line":153,"column":48}},"68":{"start":{"line":154,"column":4},"end":{"line":154,"column":24}},"69":{"start":{"line":157,"column":2},"end":{"line":165,"column":5}},"70":{"start":{"line":158,"column":4},"end":{"line":164,"column":5}},"71":{"start":{"line":159,"column":6},"end":{"line":159,"column":66}},"72":{"start":{"line":161,"column":6},"end":{"line":163,"column":7}},"73":{"start":{"line":162,"column":8},"end":{"line":162,"column":45}},"74":{"start":{"line":167,"column":2},"end":{"line":171,"column":5}},"75":{"start":{"line":168,"column":4},"end":{"line":168,"column":26}},"76":{"start":{"line":169,"column":4},"end":{"line":169,"column":19}},"77":{"start":{"line":170,"column":4},"end":{"line":170,"column":24}},"78":{"start":{"line":173,"column":2},"end":{"line":191,"column":5}},"79":{"start":{"line":175,"column":4},"end":{"line":175,"column":69}},"80":{"start":{"line":175,"column":37},"end":{"line":175,"column":69}},"81":{"start":{"line":177,"column":4},"end":{"line":177,"column":25}},"82":{"start":{"line":178,"column":4},"end":{"line":178,"column":25}},"83":{"start":{"line":179,"column":4},"end":{"line":179,"column":39}},"84":{"start":{"line":181,"column":4},"end":{"line":190,"column":13}},"85":{"start":{"line":182,"column":6},"end":{"line":182,"column":50}},"86":{"start":{"line":183,"column":6},"end":{"line":183,"column":50}},"87":{"start":{"line":184,"column":6},"end":{"line":184,"column":144}},"88":{"start":{"line":185,"column":6},"end":{"line":185,"column":63}},"89":{"start":{"line":186,"column":6},"end":{"line":186,"column":53}},"90":{"start":{"line":187,"column":6},"end":{"line":187,"column":119}},"91":{"start":{"line":188,"column":6},"end":{"line":188,"column":62}},"92":{"start":{"line":189,"column":6},"end":{"line":189,"column":110}},"93":{"start":{"line":195,"column":2},"end":{"line":195,"column":63}},"94":{"start":{"line":196,"column":2},"end":{"line":196,"column":52}},"95":{"start":{"line":197,"column":2},"end":{"line":197,"column":55}},"96":{"start":{"line":198,"column":2},"end":{"line":198,"column":37}},"97":{"start":{"line":199,"column":2},"end":{"line":199,"column":23}},"98":{"start":{"line":206,"column":2},"end":{"line":206,"column":82}},"99":{"start":{"line":206,"column":52},"end":{"line":206,"column":80}},"100":{"start":{"line":207,"column":17},"end":{"line":207,"column":58}},"101":{"start":{"line":208,"column":2},"end":{"line":208,"column":45}},"102":{"start":{"line":208,"column":14},"end":{"line":208,"column":45}},"103":{"start":{"line":211,"column":2},"end":{"line":211,"column":65}},"104":{"start":{"line":214,"column":2},"end":{"line":214,"column":19}},"105":{"start":{"line":220,"column":0},"end":{"line":223,"column":3}},"106":{"start":{"line":221,"column":2},"end":{"line":221,"column":36}},"107":{"start":{"line":222,"column":2},"end":{"line":222,"column":40}},"108":{"start":{"line":225,"column":0},"end":{"line":225,"column":58}},"109":{"start":{"line":228,"column":17},"end":{"line":228,"column":34}},"110":{"start":{"line":229,"column":19},"end":{"line":229,"column":38}},"111":{"start":{"line":230,"column":21},"end":{"line":230,"column":42}},"112":{"start":{"line":232,"column":2},"end":{"line":232,"column":33}},"113":{"start":{"line":233,"column":2},"end":{"line":233,"column":38}},"114":{"start":{"line":235,"column":15},"end":{"line":235,"column":71}},"115":{"start":{"line":236,"column":2},"end":{"line":236,"column":46}},"116":{"start":{"line":238,"column":2},"end":{"line":238,"column":35}},"117":{"start":{"line":239,"column":2},"end":{"line":239,"column":18}},"118":{"start":{"line":241,"column":2},"end":{"line":260,"column":12}},"119":{"start":{"line":242,"column":4},"end":{"line":242,"column":56}},"120":{"start":{"line":244,"column":4},"end":{"line":259,"column":14}},"121":{"start":{"line":245,"column":6},"end":{"line":245,"column":68}},"122":{"start":{"line":247,"column":6},"end":{"line":258,"column":16}},"123":{"start":{"line":248,"column":8},"end":{"line":248,"column":46}},"124":{"start":{"line":250,"column":8},"end":{"line":257,"column":18}},"125":{"start":{"line":251,"column":23},"end":{"line":251,"column":84}},"126":{"start":{"line":252,"column":10},"end":{"line":252,"column":55}},"127":{"start":{"line":253,"column":10},"end":{"line":253,"column":57}},"128":{"start":{"line":254,"column":10},"end":{"line":254,"column":53}},"129":{"start":{"line":255,"column":10},"end":{"line":255,"column":55}},"130":{"start":{"line":256,"column":10},"end":{"line":256,"column":24}},"131":{"start":{"line":264,"column":21},"end":{"line":264,"column":44}},"132":{"start":{"line":265,"column":24},"end":{"line":265,"column":61}},"133":{"start":{"line":266,"column":24},"end":{"line":266,"column":56}},"134":{"start":{"line":268,"column":23},"end":{"line":268,"column":34}},"135":{"start":{"line":269,"column":23},"end":{"line":269,"column":28}},"136":{"start":{"line":272,"column":2},"end":{"line":278,"column":3}},"137":{"start":{"line":273,"column":20},"end":{"line":273,"column":47}},"138":{"start":{"line":274,"column":27},"end":{"line":274,"column":74}},"139":{"start":{"line":275,"column":23},"end":{"line":275,"column":85}},"140":{"start":{"line":276,"column":4},"end":{"line":276,"column":50}},"141":{"start":{"line":277,"column":4},"end":{"line":277,"column":25}},"142":{"start":{"line":280,"column":2},"end":{"line":280,"column":71}},"143":{"start":{"line":281,"column":2},"end":{"line":281,"column":40}},"144":{"start":{"line":284,"column":2},"end":{"line":284,"column":50}},"145":{"start":{"line":285,"column":2},"end":{"line":285,"column":49}},"146":{"start":{"line":287,"column":2},"end":{"line":291,"column":3}},"147":{"start":{"line":288,"column":4},"end":{"line":288,"column":50}},"148":{"start":{"line":290,"column":4},"end":{"line":290,"column":47}},"149":{"start":{"line":293,"column":2},"end":{"line":293,"column":21}},"150":{"start":{"line":296,"column":0},"end":{"line":300,"column":3}},"151":{"start":{"line":297,"column":2},"end":{"line":297,"column":22}},"152":{"start":{"line":298,"column":2},"end":{"line":298,"column":21}},"153":{"start":{"line":299,"column":2},"end":{"line":299,"column":23}},"154":{"start":{"line":309,"column":2},"end":{"line":309,"column":56}},"155":{"start":{"line":310,"column":2},"end":{"line":310,"column":55}},"156":{"start":{"line":313,"column":2},"end":{"line":313,"column":47}},"157":{"start":{"line":316,"column":21},"end":{"line":316,"column":22}},"158":{"start":{"line":319,"column":2},"end":{"line":319,"column":21}},"159":{"start":{"line":320,"column":2},"end":{"line":320,"column":21}},"160":{"start":{"line":324,"column":2},"end":{"line":324,"column":53}},"161":{"start":{"line":324,"column":46},"end":{"line":324,"column":53}},"162":{"start":{"line":326,"column":15},"end":{"line":326,"column":44}},"163":{"start":{"line":327,"column":2},"end":{"line":327,"column":25}},"164":{"start":{"line":329,"column":2},"end":{"line":332,"column":3}},"165":{"start":{"line":330,"column":4},"end":{"line":330,"column":29}},"166":{"start":{"line":331,"column":4},"end":{"line":331,"column":11}},"167":{"start":{"line":334,"column":16},"end":{"line":334,"column":53}},"168":{"start":{"line":335,"column":2},"end":{"line":335,"column":19}},"169":{"start":{"line":336,"column":2},"end":{"line":336,"column":51}},"170":{"start":{"line":340,"column":2},"end":{"line":340,"column":36}},"171":{"start":{"line":341,"column":15},"end":{"line":341,"column":39}},"172":{"start":{"line":344,"column":2},"end":{"line":344,"column":72}},"173":{"start":{"line":345,"column":2},"end":{"line":345,"column":82}},"174":{"start":{"line":347,"column":14},"end":{"line":347,"column":29}},"175":{"start":{"line":348,"column":2},"end":{"line":348,"column":31}},"176":{"start":{"line":349,"column":2},"end":{"line":351,"column":71}},"177":{"start":{"line":349,"column":68},"end":{"line":349,"column":94}},"178":{"start":{"line":350,"column":7},"end":{"line":351,"column":71}},"179":{"start":{"line":350,"column":41},"end":{"line":350,"column":71}},"180":{"start":{"line":351,"column":7},"end":{"line":351,"column":71}},"181":{"start":{"line":351,"column":41},"end":{"line":351,"column":71}},"182":{"start":{"line":354,"column":16},"end":{"line":354,"column":72}},"183":{"start":{"line":355,"column":2},"end":{"line":355,"column":26}},"184":{"start":{"line":356,"column":2},"end":{"line":356,"column":29}},"185":{"start":{"line":359,"column":14},"end":{"line":359,"column":54}},"186":{"start":{"line":360,"column":2},"end":{"line":360,"column":31}},"187":{"start":{"line":362,"column":2},"end":{"line":367,"column":3}},"188":{"start":{"line":363,"column":4},"end":{"line":363,"column":29}},"189":{"start":{"line":365,"column":4},"end":{"line":365,"column":28}},"190":{"start":{"line":366,"column":4},"end":{"line":366,"column":52}},"191":{"start":{"line":370,"column":0},"end":{"line":378,"column":3}},"192":{"start":{"line":371,"column":2},"end":{"line":371,"column":27}},"193":{"start":{"line":372,"column":23},"end":{"line":372,"column":72}},"194":{"start":{"line":372,"column":47},"end":{"line":372,"column":71}},"195":{"start":{"line":373,"column":2},"end":{"line":377,"column":3}},"196":{"start":{"line":374,"column":4},"end":{"line":374,"column":38}},"197":{"start":{"line":375,"column":4},"end":{"line":375,"column":53}},"198":{"start":{"line":376,"column":4},"end":{"line":376,"column":35}},"199":{"start":{"line":382,"column":18},"end":{"line":382,"column":38}},"200":{"start":{"line":383,"column":18},"end":{"line":383,"column":42}},"201":{"start":{"line":384,"column":2},"end":{"line":384,"column":22}},"202":{"start":{"line":386,"column":2},"end":{"line":406,"column":5}},"203":{"start":{"line":387,"column":4},"end":{"line":387,"column":40}},"204":{"start":{"line":387,"column":33},"end":{"line":387,"column":40}},"205":{"start":{"line":388,"column":17},"end":{"line":388,"column":30}},"206":{"start":{"line":389,"column":4},"end":{"line":389,"column":22}},"207":{"start":{"line":389,"column":15},"end":{"line":389,"column":22}},"208":{"start":{"line":391,"column":23},"end":{"line":391,"column":50}},"209":{"start":{"line":392,"column":23},"end":{"line":392,"column":43}},"210":{"start":{"line":393,"column":23},"end":{"line":393,"column":52}},"211":{"start":{"line":394,"column":4},"end":{"line":394,"column":41}},"212":{"start":{"line":395,"column":4},"end":{"line":395,"column":42}},"213":{"start":{"line":396,"column":4},"end":{"line":404,"column":6}},"214":{"start":{"line":405,"column":4},"end":{"line":405,"column":27}},"215":{"start":{"line":410,"column":2},"end":{"line":410,"column":50}},"216":{"start":{"line":410,"column":30},"end":{"line":410,"column":50}},"217":{"start":{"line":411,"column":2},"end":{"line":411,"column":52}},"218":{"start":{"line":411,"column":31},"end":{"line":411,"column":52}},"219":{"start":{"line":412,"column":2},"end":{"line":412,"column":24}},"220":{"start":{"line":419,"column":2},"end":{"line":419,"column":21}},"221":{"start":{"line":420,"column":15},"end":{"line":420,"column":71}},"222":{"start":{"line":421,"column":14},"end":{"line":421,"column":88}},"223":{"start":{"line":422,"column":2},"end":{"line":422,"column":30}},"224":{"start":{"line":425,"column":0},"end":{"line":428,"column":3}},"225":{"start":{"line":426,"column":2},"end":{"line":426,"column":23}},"226":{"start":{"line":427,"column":2},"end":{"line":427,"column":20}},"227":{"start":{"line":430,"column":0},"end":{"line":433,"column":3}},"228":{"start":{"line":431,"column":2},"end":{"line":431,"column":23}},"229":{"start":{"line":432,"column":2},"end":{"line":432,"column":20}},"230":{"start":{"line":437,"column":2},"end":{"line":437,"column":37}},"231":{"start":{"line":439,"column":2},"end":{"line":464,"column":11}},"232":{"start":{"line":440,"column":4},"end":{"line":463,"column":5}},"233":{"start":{"line":441,"column":19},"end":{"line":441,"column":75}},"234":{"start":{"line":442,"column":24},"end":{"line":442,"column":71}},"235":{"start":{"line":444,"column":25},"end":{"line":446,"column":12}},"236":{"start":{"line":448,"column":18},"end":{"line":450,"column":79}},"237":{"start":{"line":452,"column":6},"end":{"line":458,"column":8}},"238":{"start":{"line":459,"column":6},"end":{"line":459,"column":36}},"239":{"start":{"line":461,"column":6},"end":{"line":461,"column":49}},"240":{"start":{"line":462,"column":6},"end":{"line":462,"column":87}},"241":{"start":{"line":470,"column":17},"end":{"line":470,"column":54}},"242":{"start":{"line":471,"column":2},"end":{"line":471,"column":27}},"243":{"start":{"line":471,"column":15},"end":{"line":471,"column":27}},"244":{"start":{"line":472,"column":16},"end":{"line":472,"column":46}},"245":{"start":{"line":473,"column":2},"end":{"line":480,"column":5}},"246":{"start":{"line":484,"column":16},"end":{"line":484,"column":32}},"247":{"start":{"line":485,"column":2},"end":{"line":485,"column":26}},"248":{"start":{"line":485,"column":14},"end":{"line":485,"column":26}},"249":{"start":{"line":486,"column":17},"end":{"line":486,"column":52}},"250":{"start":{"line":487,"column":2},"end":{"line":487,"column":39}},"251":{"start":{"line":490,"column":2},"end":{"line":490,"column":42}},"252":{"start":{"line":493,"column":28},"end":{"line":493,"column":50}},"253":{"start":{"line":494,"column":2},"end":{"line":494,"column":41}},"254":{"start":{"line":496,"column":21},"end":{"line":496,"column":36}},"255":{"start":{"line":497,"column":21},"end":{"line":497,"column":52}},"256":{"start":{"line":498,"column":21},"end":{"line":498,"column":101}},"257":{"start":{"line":498,"column":78},"end":{"line":498,"column":99}},"258":{"start":{"line":499,"column":21},"end":{"line":499,"column":46}},"259":{"start":{"line":501,"column":2},"end":{"line":507,"column":3}},"260":{"start":{"line":503,"column":4},"end":{"line":503,"column":34}},"261":{"start":{"line":506,"column":4},"end":{"line":506,"column":41}},"262":{"start":{"line":512,"column":16},"end":{"line":512,"column":40}},"263":{"start":{"line":513,"column":2},"end":{"line":515,"column":3}},"264":{"start":{"line":514,"column":4},"end":{"line":514,"column":36}},"265":{"start":{"line":516,"column":2},"end":{"line":516,"column":74}},"266":{"start":{"line":520,"column":2},"end":{"line":520,"column":19}},"267":{"start":{"line":521,"column":2},"end":{"line":521,"column":45}},"268":{"start":{"line":524,"column":23},"end":{"line":524,"column":36}},"269":{"start":{"line":526,"column":2},"end":{"line":550,"column":3}},"270":{"start":{"line":527,"column":20},"end":{"line":537,"column":5}},"271":{"start":{"line":538,"column":17},"end":{"line":542,"column":6}},"272":{"start":{"line":543,"column":17},"end":{"line":543,"column":33}},"273":{"start":{"line":544,"column":4},"end":{"line":544,"column":27}},"274":{"start":{"line":545,"column":4},"end":{"line":545,"column":26}},"275":{"start":{"line":548,"column":4},"end":{"line":548,"column":88}},"276":{"start":{"line":549,"column":4},"end":{"line":549,"column":25}},"277":{"start":{"line":553,"column":2},"end":{"line":553,"column":45}},"278":{"start":{"line":553,"column":38},"end":{"line":553,"column":45}},"279":{"start":{"line":555,"column":15},"end":{"line":555,"column":71}},"280":{"start":{"line":556,"column":2},"end":{"line":556,"column":66}},"281":{"start":{"line":557,"column":2},"end":{"line":557,"column":36}},"282":{"start":{"line":562,"column":23},"end":{"line":562,"column":36}},"283":{"start":{"line":564,"column":2},"end":{"line":577,"column":3}},"284":{"start":{"line":565,"column":20},"end":{"line":565,"column":87}},"285":{"start":{"line":566,"column":17},"end":{"line":570,"column":6}},"286":{"start":{"line":571,"column":17},"end":{"line":571,"column":33}},"287":{"start":{"line":572,"column":4},"end":{"line":572,"column":27}},"288":{"start":{"line":573,"column":4},"end":{"line":573,"column":26}},"289":{"start":{"line":575,"column":4},"end":{"line":575,"column":58}},"290":{"start":{"line":576,"column":4},"end":{"line":576,"column":25}},"291":{"start":{"line":580,"column":2},"end":{"line":580,"column":45}},"292":{"start":{"line":580,"column":38},"end":{"line":580,"column":45}},"293":{"start":{"line":582,"column":15},"end":{"line":582,"column":71}},"294":{"start":{"line":583,"column":2},"end":{"line":583,"column":70}},"295":{"start":{"line":584,"column":2},"end":{"line":584,"column":36}},"296":{"start":{"line":587,"column":2},"end":{"line":587,"column":26}},"297":{"start":{"line":592,"column":2},"end":{"line":592,"column":48}},"298":{"start":{"line":593,"column":13},"end":{"line":593,"column":39}},"299":{"start":{"line":594,"column":2},"end":{"line":594,"column":61}},"300":{"start":{"line":596,"column":2},"end":{"line":596,"column":19}},"301":{"start":{"line":597,"column":2},"end":{"line":605,"column":11}},"302":{"start":{"line":598,"column":4},"end":{"line":598,"column":11}},"303":{"start":{"line":599,"column":4},"end":{"line":599,"column":63}},"304":{"start":{"line":600,"column":4},"end":{"line":604,"column":5}},"305":{"start":{"line":601,"column":6},"end":{"line":601,"column":23}},"306":{"start":{"line":602,"column":6},"end":{"line":602,"column":26}},"307":{"start":{"line":603,"column":6},"end":{"line":603,"column":24}},"308":{"start":{"line":609,"column":2},"end":{"line":609,"column":35}},"309":{"start":{"line":610,"column":2},"end":{"line":610,"column":27}},"310":{"start":{"line":614,"column":12},"end":{"line":614,"column":33}},"311":{"start":{"line":615,"column":12},"end":{"line":615,"column":21}},"312":{"start":{"line":616,"column":2},"end":{"line":616,"column":46}},"313":{"start":{"line":621,"column":15},"end":{"line":621,"column":71}},"314":{"start":{"line":622,"column":2},"end":{"line":622,"column":86}},"315":{"start":{"line":623,"column":2},"end":{"line":623,"column":49}},"316":{"start":{"line":624,"column":2},"end":{"line":624,"column":43}},"317":{"start":{"line":625,"column":2},"end":{"line":625,"column":45}},"318":{"start":{"line":626,"column":2},"end":{"line":626,"column":48}},"319":{"start":{"line":629,"column":2},"end":{"line":629,"column":34}},"320":{"start":{"line":630,"column":2},"end":{"line":630,"column":39}},"321":{"start":{"line":631,"column":2},"end":{"line":631,"column":39}},"322":{"start":{"line":635,"column":2},"end":{"line":635,"column":46}},"323":{"start":{"line":637,"column":15},"end":{"line":637,"column":31}},"324":{"start":{"line":638,"column":2},"end":{"line":638,"column":68}},"325":{"start":{"line":639,"column":2},"end":{"line":639,"column":41}},"326":{"start":{"line":640,"column":2},"end":{"line":640,"column":44}},"327":{"start":{"line":641,"column":2},"end":{"line":641,"column":44}},"328":{"start":{"line":643,"column":14},"end":{"line":643,"column":32}},"329":{"start":{"line":644,"column":2},"end":{"line":655,"column":3}},"330":{"start":{"line":645,"column":4},"end":{"line":645,"column":47}},"331":{"start":{"line":646,"column":4},"end":{"line":646,"column":61}},"332":{"start":{"line":646,"column":31},"end":{"line":646,"column":61}},"333":{"start":{"line":647,"column":17},"end":{"line":647,"column":73}},"334":{"start":{"line":648,"column":4},"end":{"line":652,"column":25}},"335":{"start":{"line":654,"column":4},"end":{"line":654,"column":32}},"336":{"start":{"line":657,"column":2},"end":{"line":657,"column":34}},"337":{"start":{"line":661,"column":0},"end":{"line":665,"column":3}},"338":{"start":{"line":662,"column":2},"end":{"line":662,"column":19}},"339":{"start":{"line":663,"column":2},"end":{"line":663,"column":45}},"340":{"start":{"line":664,"column":2},"end":{"line":664,"column":21}},"341":{"start":{"line":667,"column":0},"end":{"line":696,"column":3}},"342":{"start":{"line":668,"column":2},"end":{"line":668,"column":19}},"343":{"start":{"line":669,"column":2},"end":{"line":669,"column":27}},"344":{"start":{"line":670,"column":2},"end":{"line":670,"column":26}},"345":{"start":{"line":671,"column":2},"end":{"line":671,"column":25}},"346":{"start":{"line":672,"column":2},"end":{"line":672,"column":35}},"347":{"start":{"line":673,"column":2},"end":{"line":673,"column":18}},"348":{"start":{"line":675,"column":2},"end":{"line":675,"column":67}},"349":{"start":{"line":675,"column":35},"end":{"line":675,"column":67}},"350":{"start":{"line":678,"column":2},"end":{"line":680,"column":5}},"351":{"start":{"line":679,"column":4},"end":{"line":679,"column":63}},"352":{"start":{"line":682,"column":2},"end":{"line":682,"column":17}},"353":{"start":{"line":684,"column":17},"end":{"line":684,"column":34}},"354":{"start":{"line":685,"column":19},"end":{"line":685,"column":38}},"355":{"start":{"line":686,"column":2},"end":{"line":686,"column":48}},"356":{"start":{"line":686,"column":14},"end":{"line":686,"column":48}},"357":{"start":{"line":687,"column":2},"end":{"line":687,"column":49}},"358":{"start":{"line":687,"column":16},"end":{"line":687,"column":49}},"359":{"start":{"line":689,"column":2},"end":{"line":689,"column":23}},"360":{"start":{"line":690,"column":2},"end":{"line":690,"column":45}},"361":{"start":{"line":691,"column":2},"end":{"line":691,"column":36}},"362":{"start":{"line":692,"column":2},"end":{"line":692,"column":28}},"363":{"start":{"line":693,"column":2},"end":{"line":693,"column":38}},"364":{"start":{"line":694,"column":2},"end":{"line":694,"column":38}},"365":{"start":{"line":695,"column":2},"end":{"line":695,"column":38}},"366":{"start":{"line":708,"column":2},"end":{"line":708,"column":31}},"367":{"start":{"line":710,"column":21},"end":{"line":710,"column":45}},"368":{"start":{"line":711,"column":21},"end":{"line":711,"column":43}},"369":{"start":{"line":712,"column":21},"end":{"line":712,"column":44}},"370":{"start":{"line":714,"column":17},"end":{"line":714,"column":28}},"371":{"start":{"line":715,"column":17},"end":{"line":715,"column":26}},"372":{"start":{"line":716,"column":2},"end":{"line":716,"column":31}},"373":{"start":{"line":716,"column":24},"end":{"line":716,"column":31}},"374":{"start":{"line":718,"column":2},"end":{"line":718,"column":29}},"375":{"start":{"line":721,"column":2},"end":{"line":721,"column":25}},"376":{"start":{"line":724,"column":2},"end":{"line":734,"column":3}},"377":{"start":{"line":725,"column":4},"end":{"line":725,"column":60}},"378":{"start":{"line":726,"column":4},"end":{"line":726,"column":74}},"379":{"start":{"line":727,"column":22},"end":{"line":727,"column":33}},"380":{"start":{"line":728,"column":4},"end":{"line":728,"column":60}},"381":{"start":{"line":728,"column":19},"end":{"line":728,"column":60}},"382":{"start":{"line":731,"column":4},"end":{"line":731,"column":53}},"383":{"start":{"line":732,"column":22},"end":{"line":732,"column":33}},"384":{"start":{"line":733,"column":4},"end":{"line":733,"column":52}},"385":{"start":{"line":733,"column":19},"end":{"line":733,"column":52}},"386":{"start":{"line":737,"column":2},"end":{"line":739,"column":3}},"387":{"start":{"line":738,"column":4},"end":{"line":738,"column":44}},"388":{"start":{"line":742,"column":20},"end":{"line":742,"column":31}},"389":{"start":{"line":743,"column":2},"end":{"line":749,"column":3}},"390":{"start":{"line":744,"column":4},"end":{"line":748,"column":6}},"391":{"start":{"line":745,"column":6},"end":{"line":747,"column":7}},"392":{"start":{"line":746,"column":8},"end":{"line":746,"column":59}},"393":{"start":{"line":753,"column":19},"end":{"line":756,"column":1}},"394":{"start":{"line":759,"column":2},"end":{"line":759,"column":45}},"395":{"start":{"line":759,"column":38},"end":{"line":759,"column":45}},"396":{"start":{"line":760,"column":2},"end":{"line":760,"column":34}},"397":{"start":{"line":763,"column":20},"end":{"line":763,"column":91}},"398":{"start":{"line":765,"column":17},"end":{"line":765,"column":56}},"399":{"start":{"line":766,"column":17},"end":{"line":766,"column":44}},"400":{"start":{"line":767,"column":17},"end":{"line":767,"column":51}},"401":{"start":{"line":768,"column":17},"end":{"line":768,"column":73}},"402":{"start":{"line":768,"column":34},"end":{"line":768,"column":72}},"403":{"start":{"line":771,"column":2},"end":{"line":771,"column":30}},"404":{"start":{"line":772,"column":2},"end":{"line":772,"column":22}},"405":{"start":{"line":773,"column":2},"end":{"line":773,"column":21}},"406":{"start":{"line":775,"column":2},"end":{"line":775,"column":38}},"407":{"start":{"line":779,"column":0},"end":{"line":781,"column":1}},"408":{"start":{"line":780,"column":2},"end":{"line":780,"column":52}},"409":{"start":{"line":786,"column":28},"end":{"line":801,"column":1}},"410":{"start":{"line":788,"column":4},"end":{"line":788,"column":213}},"411":{"start":{"line":790,"column":4},"end":{"line":790,"column":216}},"412":{"start":{"line":792,"column":4},"end":{"line":792,"column":224}},"413":{"start":{"line":794,"column":4},"end":{"line":794,"column":204}},"414":{"start":{"line":796,"column":4},"end":{"line":796,"column":193}},"415":{"start":{"line":798,"column":4},"end":{"line":798,"column":251}},"416":{"start":{"line":800,"column":4},"end":{"line":800,"column":85}},"417":{"start":{"line":803,"column":22},"end":{"line":811,"column":1}},"418":{"start":{"line":804,"column":15},"end":{"line":804,"column":224}},"419":{"start":{"line":805,"column":15},"end":{"line":805,"column":231}},"420":{"start":{"line":806,"column":15},"end":{"line":806,"column":224}},"421":{"start":{"line":807,"column":15},"end":{"line":807,"column":225}},"422":{"start":{"line":808,"column":15},"end":{"line":808,"column":173}},"423":{"start":{"line":809,"column":15},"end":{"line":809,"column":247}},"424":{"start":{"line":810,"column":15},"end":{"line":810,"column":76}},"425":{"start":{"line":814,"column":13},"end":{"line":814,"column":68}},"426":{"start":{"line":815,"column":2},"end":{"line":815,"column":28}},"427":{"start":{"line":819,"column":13},"end":{"line":819,"column":56}},"428":{"start":{"line":820,"column":2},"end":{"line":820,"column":20}},"429":{"start":{"line":826,"column":17},"end":{"line":826,"column":52}},"430":{"start":{"line":829,"column":15},"end":{"line":829,"column":59}},"431":{"start":{"line":830,"column":2},"end":{"line":830,"column":20}},"432":{"start":{"line":830,"column":13},"end":{"line":830,"column":20}},"433":{"start":{"line":832,"column":2},"end":{"line":835,"column":5}},"434":{"start":{"line":833,"column":16},"end":{"line":833,"column":44}},"435":{"start":{"line":834,"column":4},"end":{"line":834,"column":46}},"436":{"start":{"line":834,"column":19},"end":{"line":834,"column":46}},"437":{"start":{"line":839,"column":2},"end":{"line":839,"column":18}},"438":{"start":{"line":840,"column":2},"end":{"line":840,"column":30}},"439":{"start":{"line":841,"column":2},"end":{"line":841,"column":30}},"440":{"start":{"line":842,"column":2},"end":{"line":842,"column":31}},"441":{"start":{"line":843,"column":2},"end":{"line":843,"column":31}},"442":{"start":{"line":844,"column":2},"end":{"line":844,"column":31}},"443":{"start":{"line":845,"column":2},"end":{"line":845,"column":30}},"444":{"start":{"line":846,"column":2},"end":{"line":846,"column":32}},"445":{"start":{"line":847,"column":2},"end":{"line":847,"column":30}},"446":{"start":{"line":848,"column":2},"end":{"line":848,"column":28}},"447":{"start":{"line":849,"column":2},"end":{"line":849,"column":27}},"448":{"start":{"line":850,"column":2},"end":{"line":850,"column":28}},"449":{"start":{"line":854,"column":0},"end":{"line":856,"column":1}},"450":{"start":{"line":855,"column":2},"end":{"line":855,"column":9}},"451":{"start":{"line":859,"column":0},"end":{"line":866,"column":1}},"452":{"start":{"line":860,"column":2},"end":{"line":865,"column":4}}},"fnMap":{"0":{"name":"triggerHaptic","decl":{"start":{"line":67,"column":9},"end":{"line":67,"column":22}},"loc":{"start":{"line":67,"column":39},"end":{"line":74,"column":1}},"line":67},"1":{"name":"boot","decl":{"start":{"line":79,"column":15},"end":{"line":79,"column":19}},"loc":{"start":{"line":79,"column":22},"end":{"line":102,"column":1}},"line":79},"2":{"name":"(anonymous_2)","decl":{"start":{"line":97,"column":52},"end":{"line":97,"column":53}},"loc":{"start":{"line":97,"column":59},"end":{"line":101,"column":3}},"line":97},"3":{"name":"(anonymous_3)","decl":{"start":{"line":98,"column":34},"end":{"line":98,"column":35}},"loc":{"start":{"line":98,"column":40},"end":{"line":100,"column":5}},"line":98},"4":{"name":"loadMockData","decl":{"start":{"line":105,"column":15},"end":{"line":105,"column":27}},"loc":{"start":{"line":105,"column":30},"end":{"line":121,"column":1}},"line":105},"5":{"name":"(anonymous_5)","decl":{"start":{"line":108,"column":43},"end":{"line":108,"column":44}},"loc":{"start":{"line":108,"column":48},"end":{"line":108,"column":56}},"line":108},"6":{"name":"(anonymous_6)","decl":{"start":{"line":109,"column":48},"end":{"line":109,"column":49}},"loc":{"start":{"line":109,"column":53},"end":{"line":109,"column":61}},"line":109},"7":{"name":"(anonymous_7)","decl":{"start":{"line":110,"column":46},"end":{"line":110,"column":47}},"loc":{"start":{"line":110,"column":51},"end":{"line":110,"column":59}},"line":110},"8":{"name":"(anonymous_8)","decl":{"start":{"line":111,"column":43},"end":{"line":111,"column":44}},"loc":{"start":{"line":111,"column":48},"end":{"line":111,"column":56}},"line":111},"9":{"name":"initAuth","decl":{"start":{"line":126,"column":9},"end":{"line":126,"column":17}},"loc":{"start":{"line":126,"column":20},"end":{"line":192,"column":1}},"line":126},"10":{"name":"(anonymous_10)","decl":{"start":{"line":129,"column":35},"end":{"line":129,"column":36}},"loc":{"start":{"line":129,"column":45},"end":{"line":140,"column":3}},"line":129},"11":{"name":"(anonymous_11)","decl":{"start":{"line":142,"column":56},"end":{"line":142,"column":57}},"loc":{"start":{"line":142,"column":68},"end":{"line":155,"column":3}},"line":142},"12":{"name":"(anonymous_12)","decl":{"start":{"line":146,"column":33},"end":{"line":146,"column":34}},"loc":{"start":{"line":146,"column":38},"end":{"line":146,"column":46}},"line":146},"13":{"name":"(anonymous_13)","decl":{"start":{"line":150,"column":24},"end":{"line":150,"column":25}},"loc":{"start":{"line":150,"column":45},"end":{"line":150,"column":102}},"line":150},"14":{"name":"(anonymous_14)","decl":{"start":{"line":157,"column":51},"end":{"line":157,"column":52}},"loc":{"start":{"line":157,"column":63},"end":{"line":165,"column":3}},"line":157},"15":{"name":"(anonymous_15)","decl":{"start":{"line":167,"column":45},"end":{"line":167,"column":46}},"loc":{"start":{"line":167,"column":51},"end":{"line":171,"column":3}},"line":167},"16":{"name":"(anonymous_16)","decl":{"start":{"line":173,"column":49},"end":{"line":173,"column":50}},"loc":{"start":{"line":173,"column":55},"end":{"line":191,"column":3}},"line":173},"17":{"name":"(anonymous_17)","decl":{"start":{"line":181,"column":26},"end":{"line":181,"column":27}},"loc":{"start":{"line":181,"column":32},"end":{"line":190,"column":5}},"line":181},"18":{"name":"showPostLoginUI","decl":{"start":{"line":194,"column":9},"end":{"line":194,"column":24}},"loc":{"start":{"line":194,"column":31},"end":{"line":200,"column":1}},"line":194},"19":{"name":"showScreen","decl":{"start":{"line":205,"column":9},"end":{"line":205,"column":19}},"loc":{"start":{"line":205,"column":26},"end":{"line":215,"column":1}},"line":205},"20":{"name":"(anonymous_20)","decl":{"start":{"line":206,"column":47},"end":{"line":206,"column":48}},"loc":{"start":{"line":206,"column":52},"end":{"line":206,"column":80}},"line":206},"21":{"name":"(anonymous_21)","decl":{"start":{"line":220,"column":49},"end":{"line":220,"column":50}},"loc":{"start":{"line":220,"column":56},"end":{"line":223,"column":1}},"line":220},"22":{"name":"triggerScanFlow","decl":{"start":{"line":227,"column":9},"end":{"line":227,"column":24}},"loc":{"start":{"line":227,"column":27},"end":{"line":261,"column":1}},"line":227},"23":{"name":"(anonymous_23)","decl":{"start":{"line":241,"column":29},"end":{"line":241,"column":30}},"loc":{"start":{"line":241,"column":35},"end":{"line":260,"column":3}},"line":241},"24":{"name":"(anonymous_24)","decl":{"start":{"line":244,"column":31},"end":{"line":244,"column":32}},"loc":{"start":{"line":244,"column":37},"end":{"line":259,"column":5}},"line":244},"25":{"name":"(anonymous_25)","decl":{"start":{"line":247,"column":33},"end":{"line":247,"column":34}},"loc":{"start":{"line":247,"column":39},"end":{"line":258,"column":7}},"line":247},"26":{"name":"(anonymous_26)","decl":{"start":{"line":250,"column":35},"end":{"line":250,"column":36}},"loc":{"start":{"line":250,"column":41},"end":{"line":257,"column":9}},"line":250},"27":{"name":"resolveGate","decl":{"start":{"line":263,"column":9},"end":{"line":263,"column":20}},"loc":{"start":{"line":263,"column":23},"end":{"line":294,"column":1}},"line":263},"28":{"name":"(anonymous_28)","decl":{"start":{"line":296,"column":51},"end":{"line":296,"column":52}},"loc":{"start":{"line":296,"column":57},"end":{"line":300,"column":1}},"line":296},"29":{"name":"setupMatchScreen","decl":{"start":{"line":307,"column":9},"end":{"line":307,"column":25}},"loc":{"start":{"line":307,"column":28},"end":{"line":314,"column":1}},"line":307},"30":{"name":"startMatchSequence","decl":{"start":{"line":318,"column":9},"end":{"line":318,"column":27}},"loc":{"start":{"line":318,"column":30},"end":{"line":321,"column":1}},"line":318},"31":{"name":"advanceMatchStep","decl":{"start":{"line":323,"column":9},"end":{"line":323,"column":25}},"loc":{"start":{"line":323,"column":28},"end":{"line":337,"column":1}},"line":323},"32":{"name":"applyMatchStatus","decl":{"start":{"line":339,"column":9},"end":{"line":339,"column":25}},"loc":{"start":{"line":339,"column":32},"end":{"line":368,"column":1}},"line":339},"33":{"name":"(anonymous_33)","decl":{"start":{"line":370,"column":50},"end":{"line":370,"column":51}},"loc":{"start":{"line":370,"column":56},"end":{"line":378,"column":1}},"line":370},"34":{"name":"(anonymous_34)","decl":{"start":{"line":372,"column":42},"end":{"line":372,"column":43}},"loc":{"start":{"line":372,"column":47},"end":{"line":372,"column":71}},"line":372},"35":{"name":"renderCongestion","decl":{"start":{"line":381,"column":9},"end":{"line":381,"column":25}},"loc":{"start":{"line":381,"column":32},"end":{"line":407,"column":1}},"line":381},"36":{"name":"(anonymous_36)","decl":{"start":{"line":386,"column":31},"end":{"line":386,"column":32}},"loc":{"start":{"line":386,"column":50},"end":{"line":406,"column":3}},"line":386},"37":{"name":"congestionColor","decl":{"start":{"line":409,"column":9},"end":{"line":409,"column":24}},"loc":{"start":{"line":409,"column":30},"end":{"line":413,"column":1}},"line":409},"38":{"name":"triggerExitScreen","decl":{"start":{"line":418,"column":9},"end":{"line":418,"column":26}},"loc":{"start":{"line":418,"column":29},"end":{"line":423,"column":1}},"line":418},"39":{"name":"(anonymous_39)","decl":{"start":{"line":425,"column":46},"end":{"line":425,"column":47}},"loc":{"start":{"line":425,"column":52},"end":{"line":428,"column":1}},"line":425},"40":{"name":"(anonymous_40)","decl":{"start":{"line":430,"column":52},"end":{"line":430,"column":53}},"loc":{"start":{"line":430,"column":58},"end":{"line":433,"column":1}},"line":430},"41":{"name":"showHelpConnect","decl":{"start":{"line":436,"column":9},"end":{"line":436,"column":24}},"loc":{"start":{"line":436,"column":27},"end":{"line":465,"column":1}},"line":436},"42":{"name":"(anonymous_42)","decl":{"start":{"line":439,"column":13},"end":{"line":439,"column":14}},"loc":{"start":{"line":439,"column":19},"end":{"line":464,"column":3}},"line":439},"43":{"name":"getGeminiModel","decl":{"start":{"line":469,"column":9},"end":{"line":469,"column":23}},"loc":{"start":{"line":469,"column":26},"end":{"line":481,"column":1}},"line":469},"44":{"name":"callGemini","decl":{"start":{"line":483,"column":15},"end":{"line":483,"column":25}},"loc":{"start":{"line":483,"column":34},"end":{"line":488,"column":1}},"line":483},"45":{"name":"fetchDirections","decl":{"start":{"line":489,"column":15},"end":{"line":489,"column":30}},"loc":{"start":{"line":489,"column":33},"end":{"line":508,"column":1}},"line":489},"46":{"name":"(anonymous_46)","decl":{"start":{"line":498,"column":73},"end":{"line":498,"column":74}},"loc":{"start":{"line":498,"column":78},"end":{"line":498,"column":99}},"line":498},"47":{"name":"getCurrentCongestion","decl":{"start":{"line":510,"column":9},"end":{"line":510,"column":29}},"loc":{"start":{"line":510,"column":32},"end":{"line":517,"column":1}},"line":510},"48":{"name":"handleDirectionsState","decl":{"start":{"line":519,"column":15},"end":{"line":519,"column":36}},"loc":{"start":{"line":519,"column":46},"end":{"line":558,"column":1}},"line":519},"49":{"name":"handleWaitState","decl":{"start":{"line":560,"column":15},"end":{"line":560,"column":30}},"loc":{"start":{"line":560,"column":39},"end":{"line":588,"column":1}},"line":560},"50":{"name":"startRecheckCountdown","decl":{"start":{"line":591,"column":9},"end":{"line":591,"column":30}},"loc":{"start":{"line":591,"column":33},"end":{"line":606,"column":1}},"line":591},"51":{"name":"(anonymous_51)","decl":{"start":{"line":597,"column":34},"end":{"line":597,"column":35}},"loc":{"start":{"line":597,"column":40},"end":{"line":605,"column":3}},"line":597},"52":{"name":"clearCountdown","decl":{"start":{"line":608,"column":9},"end":{"line":608,"column":23}},"loc":{"start":{"line":608,"column":26},"end":{"line":611,"column":1}},"line":608},"53":{"name":"formatCountdown","decl":{"start":{"line":613,"column":9},"end":{"line":613,"column":24}},"loc":{"start":{"line":613,"column":31},"end":{"line":617,"column":1}},"line":613},"54":{"name":"showResultLoading","decl":{"start":{"line":620,"column":9},"end":{"line":620,"column":26}},"loc":{"start":{"line":620,"column":36},"end":{"line":632,"column":1}},"line":620},"55":{"name":"showResultCard","decl":{"start":{"line":634,"column":9},"end":{"line":634,"column":23}},"loc":{"start":{"line":634,"column":67},"end":{"line":658,"column":1}},"line":634},"56":{"name":"(anonymous_56)","decl":{"start":{"line":661,"column":46},"end":{"line":661,"column":47}},"loc":{"start":{"line":661,"column":52},"end":{"line":665,"column":1}},"line":661},"57":{"name":"(anonymous_57)","decl":{"start":{"line":667,"column":44},"end":{"line":667,"column":45}},"loc":{"start":{"line":667,"column":50},"end":{"line":696,"column":1}},"line":667},"58":{"name":"(anonymous_58)","decl":{"start":{"line":678,"column":52},"end":{"line":678,"column":53}},"loc":{"start":{"line":678,"column":57},"end":{"line":680,"column":3}},"line":678},"59":{"name":"pushA11yUpdate","decl":{"start":{"line":707,"column":9},"end":{"line":707,"column":23}},"loc":{"start":{"line":707,"column":42},"end":{"line":750,"column":1}},"line":707},"60":{"name":"(anonymous_60)","decl":{"start":{"line":744,"column":24},"end":{"line":744,"column":25}},"loc":{"start":{"line":744,"column":30},"end":{"line":748,"column":5}},"line":744},"61":{"name":"speakMessage","decl":{"start":{"line":758,"column":9},"end":{"line":758,"column":21}},"loc":{"start":{"line":758,"column":34},"end":{"line":776,"column":1}},"line":758},"62":{"name":"(anonymous_62)","decl":{"start":{"line":768,"column":29},"end":{"line":768,"column":30}},"loc":{"start":{"line":768,"column":34},"end":{"line":768,"column":72}},"line":768},"63":{"name":"(anonymous_63)","decl":{"start":{"line":780,"column":43},"end":{"line":780,"column":44}},"loc":{"start":{"line":780,"column":49},"end":{"line":780,"column":51}},"line":780},"64":{"name":"(anonymous_64)","decl":{"start":{"line":787,"column":6},"end":{"line":787,"column":7}},"loc":{"start":{"line":788,"column":4},"end":{"line":788,"column":213}},"line":788},"65":{"name":"(anonymous_65)","decl":{"start":{"line":789,"column":6},"end":{"line":789,"column":7}},"loc":{"start":{"line":790,"column":4},"end":{"line":790,"column":216}},"line":790},"66":{"name":"(anonymous_66)","decl":{"start":{"line":791,"column":6},"end":{"line":791,"column":7}},"loc":{"start":{"line":792,"column":4},"end":{"line":792,"column":224}},"line":792},"67":{"name":"(anonymous_67)","decl":{"start":{"line":793,"column":6},"end":{"line":793,"column":7}},"loc":{"start":{"line":794,"column":4},"end":{"line":794,"column":204}},"line":794},"68":{"name":"(anonymous_68)","decl":{"start":{"line":795,"column":6},"end":{"line":795,"column":7}},"loc":{"start":{"line":796,"column":4},"end":{"line":796,"column":193}},"line":796},"69":{"name":"(anonymous_69)","decl":{"start":{"line":797,"column":6},"end":{"line":797,"column":7}},"loc":{"start":{"line":798,"column":4},"end":{"line":798,"column":251}},"line":798},"70":{"name":"(anonymous_70)","decl":{"start":{"line":799,"column":6},"end":{"line":799,"column":7}},"loc":{"start":{"line":800,"column":4},"end":{"line":800,"column":85}},"line":800},"71":{"name":"(anonymous_71)","decl":{"start":{"line":804,"column":6},"end":{"line":804,"column":7}},"loc":{"start":{"line":804,"column":15},"end":{"line":804,"column":224}},"line":804},"72":{"name":"(anonymous_72)","decl":{"start":{"line":805,"column":6},"end":{"line":805,"column":7}},"loc":{"start":{"line":805,"column":15},"end":{"line":805,"column":231}},"line":805},"73":{"name":"(anonymous_73)","decl":{"start":{"line":806,"column":6},"end":{"line":806,"column":7}},"loc":{"start":{"line":806,"column":15},"end":{"line":806,"column":224}},"line":806},"74":{"name":"(anonymous_74)","decl":{"start":{"line":807,"column":6},"end":{"line":807,"column":7}},"loc":{"start":{"line":807,"column":15},"end":{"line":807,"column":225}},"line":807},"75":{"name":"(anonymous_75)","decl":{"start":{"line":808,"column":6},"end":{"line":808,"column":7}},"loc":{"start":{"line":808,"column":15},"end":{"line":808,"column":173}},"line":808},"76":{"name":"(anonymous_76)","decl":{"start":{"line":809,"column":6},"end":{"line":809,"column":7}},"loc":{"start":{"line":809,"column":15},"end":{"line":809,"column":247}},"line":809},"77":{"name":"(anonymous_77)","decl":{"start":{"line":810,"column":6},"end":{"line":810,"column":7}},"loc":{"start":{"line":810,"column":15},"end":{"line":810,"column":76}},"line":810},"78":{"name":"localFallbackDirections","decl":{"start":{"line":813,"column":9},"end":{"line":813,"column":32}},"loc":{"start":{"line":813,"column":59},"end":{"line":816,"column":1}},"line":813},"79":{"name":"localFallbackWait","decl":{"start":{"line":818,"column":9},"end":{"line":818,"column":26}},"loc":{"start":{"line":818,"column":45},"end":{"line":821,"column":1}},"line":818},"80":{"name":"$","decl":{"start":{"line":826,"column":9},"end":{"line":826,"column":10}},"loc":{"start":{"line":826,"column":15},"end":{"line":826,"column":54}},"line":826},"81":{"name":"updateUIForLanguage","decl":{"start":{"line":828,"column":9},"end":{"line":828,"column":28}},"loc":{"start":{"line":828,"column":35},"end":{"line":836,"column":1}},"line":828},"82":{"name":"(anonymous_82)","decl":{"start":{"line":832,"column":51},"end":{"line":832,"column":52}},"loc":{"start":{"line":832,"column":57},"end":{"line":835,"column":3}},"line":832},"83":{"name":"resetSession","decl":{"start":{"line":838,"column":9},"end":{"line":838,"column":21}},"loc":{"start":{"line":838,"column":24},"end":{"line":851,"column":1}},"line":838}},"branchMap":{"0":{"loc":{"start":{"line":67,"column":23},"end":{"line":67,"column":37}},"type":"default-arg","locations":[{"start":{"line":67,"column":30},"end":{"line":67,"column":37}}],"line":67},"1":{"loc":{"start":{"line":68,"column":2},"end":{"line":68,"column":40}},"type":"if","locations":[{"start":{"line":68,"column":2},"end":{"line":68,"column":40}},{"start":{},"end":{}}],"line":68},"2":{"loc":{"start":{"line":70,"column":4},"end":{"line":72,"column":74}},"type":"if","locations":[{"start":{"line":70,"column":4},"end":{"line":72,"column":74}},{"start":{"line":71,"column":9},"end":{"line":72,"column":74}}],"line":70},"3":{"loc":{"start":{"line":71,"column":9},"end":{"line":72,"column":74}},"type":"if","locations":[{"start":{"line":71,"column":9},"end":{"line":72,"column":74}},{"start":{"line":72,"column":9},"end":{"line":72,"column":74}}],"line":71},"4":{"loc":{"start":{"line":72,"column":9},"end":{"line":72,"column":74}},"type":"if","locations":[{"start":{"line":72,"column":9},"end":{"line":72,"column":74}},{"start":{},"end":{}}],"line":72},"5":{"loc":{"start":{"line":84,"column":2},"end":{"line":86,"column":3}},"type":"if","locations":[{"start":{"line":84,"column":2},"end":{"line":86,"column":3}},{"start":{},"end":{}}],"line":84},"6":{"loc":{"start":{"line":84,"column":6},"end":{"line":84,"column":36}},"type":"binary-expr","locations":[{"start":{"line":84,"column":6},"end":{"line":84,"column":16}},{"start":{"line":84,"column":20},"end":{"line":84,"column":36}}],"line":84},"7":{"loc":{"start":{"line":90,"column":2},"end":{"line":94,"column":3}},"type":"if","locations":[{"start":{"line":90,"column":2},"end":{"line":94,"column":3}},{"start":{"line":92,"column":9},"end":{"line":94,"column":3}}],"line":90},"8":{"loc":{"start":{"line":99,"column":6},"end":{"line":99,"column":62}},"type":"if","locations":[{"start":{"line":99,"column":6},"end":{"line":99,"column":62}},{"start":{},"end":{}}],"line":99},"9":{"loc":{"start":{"line":117,"column":22},"end":{"line":117,"column":53}},"type":"binary-expr","locations":[{"start":{"line":117,"column":22},"end":{"line":117,"column":47}},{"start":{"line":117,"column":51},"end":{"line":117,"column":53}}],"line":117},"10":{"loc":{"start":{"line":130,"column":4},"end":{"line":139,"column":5}},"type":"if","locations":[{"start":{"line":130,"column":4},"end":{"line":139,"column":5}},{"start":{"line":133,"column":11},"end":{"line":139,"column":5}}],"line":130},"11":{"loc":{"start":{"line":134,"column":6},"end":{"line":138,"column":7}},"type":"if","locations":[{"start":{"line":134,"column":6},"end":{"line":138,"column":7}},{"start":{"line":136,"column":13},"end":{"line":138,"column":7}}],"line":134},"12":{"loc":{"start":{"line":161,"column":6},"end":{"line":163,"column":7}},"type":"if","locations":[{"start":{"line":161,"column":6},"end":{"line":163,"column":7}},{"start":{},"end":{}}],"line":161},"13":{"loc":{"start":{"line":175,"column":4},"end":{"line":175,"column":69}},"type":"if","locations":[{"start":{"line":175,"column":4},"end":{"line":175,"column":69}},{"start":{},"end":{}}],"line":175},"14":{"loc":{"start":{"line":195,"column":32},"end":{"line":195,"column":62}},"type":"binary-expr","locations":[{"start":{"line":195,"column":32},"end":{"line":195,"column":48}},{"start":{"line":195,"column":52},"end":{"line":195,"column":62}}],"line":195},"15":{"loc":{"start":{"line":196,"column":32},"end":{"line":196,"column":51}},"type":"binary-expr","locations":[{"start":{"line":196,"column":32},"end":{"line":196,"column":45}},{"start":{"line":196,"column":49},"end":{"line":196,"column":51}}],"line":196},"16":{"loc":{"start":{"line":197,"column":32},"end":{"line":197,"column":54}},"type":"binary-expr","locations":[{"start":{"line":197,"column":32},"end":{"line":197,"column":48}},{"start":{"line":197,"column":52},"end":{"line":197,"column":54}}],"line":197},"17":{"loc":{"start":{"line":208,"column":2},"end":{"line":208,"column":45}},"type":"if","locations":[{"start":{"line":208,"column":2},"end":{"line":208,"column":45}},{"start":{},"end":{}}],"line":208},"18":{"loc":{"start":{"line":211,"column":34},"end":{"line":211,"column":64}},"type":"cond-expr","locations":[{"start":{"line":211,"column":53},"end":{"line":211,"column":59}},{"start":{"line":211,"column":62},"end":{"line":211,"column":64}}],"line":211},"19":{"loc":{"start":{"line":235,"column":15},"end":{"line":235,"column":71}},"type":"binary-expr","locations":[{"start":{"line":235,"column":15},"end":{"line":235,"column":47}},{"start":{"line":235,"column":51},"end":{"line":235,"column":71}}],"line":235},"20":{"loc":{"start":{"line":251,"column":23},"end":{"line":251,"column":84}},"type":"binary-expr","locations":[{"start":{"line":251,"column":23},"end":{"line":251,"column":46}},{"start":{"line":251,"column":50},"end":{"line":251,"column":84}}],"line":251},"21":{"loc":{"start":{"line":272,"column":2},"end":{"line":278,"column":3}},"type":"if","locations":[{"start":{"line":272,"column":2},"end":{"line":278,"column":3}},{"start":{},"end":{}}],"line":272},"22":{"loc":{"start":{"line":272,"column":6},"end":{"line":272,"column":43}},"type":"binary-expr","locations":[{"start":{"line":272,"column":6},"end":{"line":272,"column":22}},{"start":{"line":272,"column":26},"end":{"line":272,"column":43}}],"line":272},"23":{"loc":{"start":{"line":275,"column":23},"end":{"line":275,"column":85}},"type":"cond-expr","locations":[{"start":{"line":275,"column":40},"end":{"line":275,"column":61}},{"start":{"line":275,"column":64},"end":{"line":275,"column":85}}],"line":275},"24":{"loc":{"start":{"line":287,"column":2},"end":{"line":291,"column":3}},"type":"if","locations":[{"start":{"line":287,"column":2},"end":{"line":291,"column":3}},{"start":{"line":289,"column":9},"end":{"line":291,"column":3}}],"line":287},"25":{"loc":{"start":{"line":324,"column":2},"end":{"line":324,"column":53}},"type":"if","locations":[{"start":{"line":324,"column":2},"end":{"line":324,"column":53}},{"start":{},"end":{}}],"line":324},"26":{"loc":{"start":{"line":329,"column":2},"end":{"line":332,"column":3}},"type":"if","locations":[{"start":{"line":329,"column":2},"end":{"line":332,"column":3}},{"start":{},"end":{}}],"line":329},"27":{"loc":{"start":{"line":334,"column":16},"end":{"line":334,"column":53}},"type":"binary-expr","locations":[{"start":{"line":334,"column":16},"end":{"line":334,"column":45}},{"start":{"line":334,"column":49},"end":{"line":334,"column":53}}],"line":334},"28":{"loc":{"start":{"line":341,"column":15},"end":{"line":341,"column":39}},"type":"binary-expr","locations":[{"start":{"line":341,"column":15},"end":{"line":341,"column":31}},{"start":{"line":341,"column":35},"end":{"line":341,"column":39}}],"line":341},"29":{"loc":{"start":{"line":344,"column":35},"end":{"line":344,"column":71}},"type":"binary-expr","locations":[{"start":{"line":344,"column":35},"end":{"line":344,"column":51}},{"start":{"line":344,"column":55},"end":{"line":344,"column":71}}],"line":344},"30":{"loc":{"start":{"line":345,"column":35},"end":{"line":345,"column":81}},"type":"cond-expr","locations":[{"start":{"line":345,"column":58},"end":{"line":345,"column":75}},{"start":{"line":345,"column":78},"end":{"line":345,"column":81}}],"line":345},"31":{"loc":{"start":{"line":349,"column":2},"end":{"line":351,"column":71}},"type":"if","locations":[{"start":{"line":349,"column":2},"end":{"line":351,"column":71}},{"start":{"line":350,"column":7},"end":{"line":351,"column":71}}],"line":349},"32":{"loc":{"start":{"line":350,"column":7},"end":{"line":351,"column":71}},"type":"if","locations":[{"start":{"line":350,"column":7},"end":{"line":351,"column":71}},{"start":{"line":351,"column":7},"end":{"line":351,"column":71}}],"line":350},"33":{"loc":{"start":{"line":351,"column":7},"end":{"line":351,"column":71}},"type":"if","locations":[{"start":{"line":351,"column":7},"end":{"line":351,"column":71}},{"start":{},"end":{}}],"line":351},"34":{"loc":{"start":{"line":354,"column":16},"end":{"line":354,"column":72}},"type":"binary-expr","locations":[{"start":{"line":354,"column":16},"end":{"line":354,"column":42}},{"start":{"line":354,"column":46},"end":{"line":354,"column":72}}],"line":354},"35":{"loc":{"start":{"line":359,"column":14},"end":{"line":359,"column":54}},"type":"binary-expr","locations":[{"start":{"line":359,"column":14},"end":{"line":359,"column":32}},{"start":{"line":359,"column":36},"end":{"line":359,"column":54}}],"line":359},"36":{"loc":{"start":{"line":362,"column":2},"end":{"line":367,"column":3}},"type":"if","locations":[{"start":{"line":362,"column":2},"end":{"line":367,"column":3}},{"start":{},"end":{}}],"line":362},"37":{"loc":{"start":{"line":373,"column":2},"end":{"line":377,"column":3}},"type":"if","locations":[{"start":{"line":373,"column":2},"end":{"line":377,"column":3}},{"start":{},"end":{}}],"line":373},"38":{"loc":{"start":{"line":383,"column":18},"end":{"line":383,"column":42}},"type":"binary-expr","locations":[{"start":{"line":383,"column":18},"end":{"line":383,"column":36}},{"start":{"line":383,"column":40},"end":{"line":383,"column":42}}],"line":383},"39":{"loc":{"start":{"line":387,"column":4},"end":{"line":387,"column":40}},"type":"if","locations":[{"start":{"line":387,"column":4},"end":{"line":387,"column":40}},{"start":{},"end":{}}],"line":387},"40":{"loc":{"start":{"line":389,"column":4},"end":{"line":389,"column":22}},"type":"if","locations":[{"start":{"line":389,"column":4},"end":{"line":389,"column":22}},{"start":{},"end":{}}],"line":389},"41":{"loc":{"start":{"line":397,"column":50},"end":{"line":397,"column":80}},"type":"cond-expr","locations":[{"start":{"line":397,"column":61},"end":{"line":397,"column":75}},{"start":{"line":397,"column":78},"end":{"line":397,"column":80}}],"line":397},"42":{"loc":{"start":{"line":398,"column":22},"end":{"line":398,"column":48}},"type":"cond-expr","locations":[{"start":{"line":398,"column":33},"end":{"line":398,"column":43}},{"start":{"line":398,"column":46},"end":{"line":398,"column":48}}],"line":398},"43":{"loc":{"start":{"line":398,"column":51},"end":{"line":398,"column":72}},"type":"cond-expr","locations":[{"start":{"line":398,"column":63},"end":{"line":398,"column":67}},{"start":{"line":398,"column":70},"end":{"line":398,"column":72}}],"line":398},"44":{"loc":{"start":{"line":410,"column":2},"end":{"line":410,"column":50}},"type":"if","locations":[{"start":{"line":410,"column":2},"end":{"line":410,"column":50}},{"start":{},"end":{}}],"line":410},"45":{"loc":{"start":{"line":411,"column":2},"end":{"line":411,"column":52}},"type":"if","locations":[{"start":{"line":411,"column":2},"end":{"line":411,"column":52}},{"start":{},"end":{}}],"line":411},"46":{"loc":{"start":{"line":420,"column":15},"end":{"line":420,"column":71}},"type":"binary-expr","locations":[{"start":{"line":420,"column":15},"end":{"line":420,"column":47}},{"start":{"line":420,"column":51},"end":{"line":420,"column":71}}],"line":420},"47":{"loc":{"start":{"line":421,"column":14},"end":{"line":421,"column":88}},"type":"binary-expr","locations":[{"start":{"line":421,"column":14},"end":{"line":421,"column":34}},{"start":{"line":421,"column":38},"end":{"line":421,"column":88}}],"line":421},"48":{"loc":{"start":{"line":441,"column":19},"end":{"line":441,"column":75}},"type":"binary-expr","locations":[{"start":{"line":441,"column":19},"end":{"line":441,"column":51}},{"start":{"line":441,"column":55},"end":{"line":441,"column":75}}],"line":441},"49":{"loc":{"start":{"line":442,"column":24},"end":{"line":442,"column":71}},"type":"cond-expr","locations":[{"start":{"line":442,"column":39},"end":{"line":442,"column":57}},{"start":{"line":442,"column":60},"end":{"line":442,"column":71}}],"line":442},"50":{"loc":{"start":{"line":444,"column":25},"end":{"line":446,"column":12}},"type":"cond-expr","locations":[{"start":{"line":445,"column":10},"end":{"line":445,"column":57}},{"start":{"line":446,"column":10},"end":{"line":446,"column":12}}],"line":444},"51":{"loc":{"start":{"line":444,"column":25},"end":{"line":444,"column":62}},"type":"binary-expr","locations":[{"start":{"line":444,"column":25},"end":{"line":444,"column":41}},{"start":{"line":444,"column":45},"end":{"line":444,"column":62}}],"line":444},"52":{"loc":{"start":{"line":448,"column":18},"end":{"line":450,"column":79}},"type":"cond-expr","locations":[{"start":{"line":449,"column":10},"end":{"line":449,"column":91}},{"start":{"line":450,"column":10},"end":{"line":450,"column":79}}],"line":448},"53":{"loc":{"start":{"line":454,"column":8},"end":{"line":454,"column":47}},"type":"binary-expr","locations":[{"start":{"line":454,"column":8},"end":{"line":454,"column":27}},{"start":{"line":454,"column":31},"end":{"line":454,"column":47}}],"line":454},"54":{"loc":{"start":{"line":471,"column":2},"end":{"line":471,"column":27}},"type":"if","locations":[{"start":{"line":471,"column":2},"end":{"line":471,"column":27}},{"start":{},"end":{}}],"line":471},"55":{"loc":{"start":{"line":485,"column":2},"end":{"line":485,"column":26}},"type":"if","locations":[{"start":{"line":485,"column":2},"end":{"line":485,"column":26}},{"start":{},"end":{}}],"line":485},"56":{"loc":{"start":{"line":497,"column":21},"end":{"line":497,"column":52}},"type":"binary-expr","locations":[{"start":{"line":497,"column":21},"end":{"line":497,"column":47}},{"start":{"line":497,"column":51},"end":{"line":497,"column":52}}],"line":497},"57":{"loc":{"start":{"line":501,"column":2},"end":{"line":507,"column":3}},"type":"if","locations":[{"start":{"line":501,"column":2},"end":{"line":507,"column":3}},{"start":{"line":504,"column":9},"end":{"line":507,"column":3}}],"line":501},"58":{"loc":{"start":{"line":513,"column":2},"end":{"line":515,"column":3}},"type":"if","locations":[{"start":{"line":513,"column":2},"end":{"line":515,"column":3}},{"start":{},"end":{}}],"line":513},"59":{"loc":{"start":{"line":513,"column":6},"end":{"line":513,"column":86}},"type":"binary-expr","locations":[{"start":{"line":513,"column":6},"end":{"line":513,"column":41}},{"start":{"line":513,"column":45},"end":{"line":513,"column":50}},{"start":{"line":513,"column":54},"end":{"line":513,"column":86}}],"line":513},"60":{"loc":{"start":{"line":516,"column":9},"end":{"line":516,"column":73}},"type":"binary-expr","locations":[{"start":{"line":516,"column":9},"end":{"line":516,"column":43}},{"start":{"line":516,"column":47},"end":{"line":516,"column":73}}],"line":516},"61":{"loc":{"start":{"line":553,"column":2},"end":{"line":553,"column":45}},"type":"if","locations":[{"start":{"line":553,"column":2},"end":{"line":553,"column":45}},{"start":{},"end":{}}],"line":553},"62":{"loc":{"start":{"line":555,"column":15},"end":{"line":555,"column":71}},"type":"binary-expr","locations":[{"start":{"line":555,"column":15},"end":{"line":555,"column":47}},{"start":{"line":555,"column":51},"end":{"line":555,"column":71}}],"line":555},"63":{"loc":{"start":{"line":580,"column":2},"end":{"line":580,"column":45}},"type":"if","locations":[{"start":{"line":580,"column":2},"end":{"line":580,"column":45}},{"start":{},"end":{}}],"line":580},"64":{"loc":{"start":{"line":582,"column":15},"end":{"line":582,"column":71}},"type":"binary-expr","locations":[{"start":{"line":582,"column":15},"end":{"line":582,"column":47}},{"start":{"line":582,"column":51},"end":{"line":582,"column":71}}],"line":582},"65":{"loc":{"start":{"line":600,"column":4},"end":{"line":604,"column":5}},"type":"if","locations":[{"start":{"line":600,"column":4},"end":{"line":604,"column":5}},{"start":{},"end":{}}],"line":600},"66":{"loc":{"start":{"line":621,"column":15},"end":{"line":621,"column":71}},"type":"binary-expr","locations":[{"start":{"line":621,"column":15},"end":{"line":621,"column":47}},{"start":{"line":621,"column":51},"end":{"line":621,"column":71}}],"line":621},"67":{"loc":{"start":{"line":622,"column":55},"end":{"line":622,"column":85}},"type":"cond-expr","locations":[{"start":{"line":622,"column":62},"end":{"line":622,"column":75}},{"start":{"line":622,"column":78},"end":{"line":622,"column":85}}],"line":622},"68":{"loc":{"start":{"line":638,"column":33},"end":{"line":638,"column":65}},"type":"cond-expr","locations":[{"start":{"line":638,"column":45},"end":{"line":638,"column":60}},{"start":{"line":638,"column":63},"end":{"line":638,"column":65}}],"line":638},"69":{"loc":{"start":{"line":644,"column":2},"end":{"line":655,"column":3}},"type":"if","locations":[{"start":{"line":644,"column":2},"end":{"line":655,"column":3}},{"start":{"line":653,"column":9},"end":{"line":655,"column":3}}],"line":644},"70":{"loc":{"start":{"line":646,"column":4},"end":{"line":646,"column":61}},"type":"if","locations":[{"start":{"line":646,"column":4},"end":{"line":646,"column":61}},{"start":{},"end":{}}],"line":646},"71":{"loc":{"start":{"line":647,"column":17},"end":{"line":647,"column":73}},"type":"binary-expr","locations":[{"start":{"line":647,"column":17},"end":{"line":647,"column":49}},{"start":{"line":647,"column":53},"end":{"line":647,"column":73}}],"line":647},"72":{"loc":{"start":{"line":648,"column":22},"end":{"line":652,"column":24}},"type":"cond-expr","locations":[{"start":{"line":649,"column":8},"end":{"line":649,"column":23}},{"start":{"line":650,"column":8},"end":{"line":652,"column":24}}],"line":648},"73":{"loc":{"start":{"line":650,"column":8},"end":{"line":652,"column":24}},"type":"cond-expr","locations":[{"start":{"line":651,"column":10},"end":{"line":651,"column":27}},{"start":{"line":652,"column":10},"end":{"line":652,"column":24}}],"line":650},"74":{"loc":{"start":{"line":675,"column":2},"end":{"line":675,"column":67}},"type":"if","locations":[{"start":{"line":675,"column":2},"end":{"line":675,"column":67}},{"start":{},"end":{}}],"line":675},"75":{"loc":{"start":{"line":686,"column":2},"end":{"line":686,"column":48}},"type":"if","locations":[{"start":{"line":686,"column":2},"end":{"line":686,"column":48}},{"start":{},"end":{}}],"line":686},"76":{"loc":{"start":{"line":687,"column":2},"end":{"line":687,"column":49}},"type":"if","locations":[{"start":{"line":687,"column":2},"end":{"line":687,"column":49}},{"start":{},"end":{}}],"line":687},"77":{"loc":{"start":{"line":716,"column":2},"end":{"line":716,"column":31}},"type":"if","locations":[{"start":{"line":716,"column":2},"end":{"line":716,"column":31}},{"start":{},"end":{}}],"line":716},"78":{"loc":{"start":{"line":716,"column":6},"end":{"line":716,"column":22}},"type":"binary-expr","locations":[{"start":{"line":716,"column":6},"end":{"line":716,"column":13}},{"start":{"line":716,"column":17},"end":{"line":716,"column":22}}],"line":716},"79":{"loc":{"start":{"line":724,"column":2},"end":{"line":734,"column":3}},"type":"if","locations":[{"start":{"line":724,"column":2},"end":{"line":734,"column":3}},{"start":{"line":729,"column":9},"end":{"line":734,"column":3}}],"line":724},"80":{"loc":{"start":{"line":726,"column":31},"end":{"line":726,"column":72}},"type":"cond-expr","locations":[{"start":{"line":726,"column":59},"end":{"line":726,"column":64}},{"start":{"line":726,"column":67},"end":{"line":726,"column":72}}],"line":726},"81":{"loc":{"start":{"line":728,"column":4},"end":{"line":728,"column":60}},"type":"if","locations":[{"start":{"line":728,"column":4},"end":{"line":728,"column":60}},{"start":{},"end":{}}],"line":728},"82":{"loc":{"start":{"line":733,"column":4},"end":{"line":733,"column":52}},"type":"if","locations":[{"start":{"line":733,"column":4},"end":{"line":733,"column":52}},{"start":{},"end":{}}],"line":733},"83":{"loc":{"start":{"line":737,"column":2},"end":{"line":739,"column":3}},"type":"if","locations":[{"start":{"line":737,"column":2},"end":{"line":739,"column":3}},{"start":{},"end":{}}],"line":737},"84":{"loc":{"start":{"line":737,"column":6},"end":{"line":737,"column":51}},"type":"binary-expr","locations":[{"start":{"line":737,"column":6},"end":{"line":737,"column":20}},{"start":{"line":737,"column":24},"end":{"line":737,"column":51}}],"line":737},"85":{"loc":{"start":{"line":743,"column":2},"end":{"line":749,"column":3}},"type":"if","locations":[{"start":{"line":743,"column":2},"end":{"line":749,"column":3}},{"start":{},"end":{}}],"line":743},"86":{"loc":{"start":{"line":745,"column":6},"end":{"line":747,"column":7}},"type":"if","locations":[{"start":{"line":745,"column":6},"end":{"line":747,"column":7}},{"start":{},"end":{}}],"line":745},"87":{"loc":{"start":{"line":745,"column":10},"end":{"line":745,"column":55}},"type":"binary-expr","locations":[{"start":{"line":745,"column":10},"end":{"line":745,"column":24}},{"start":{"line":745,"column":28},"end":{"line":745,"column":55}}],"line":745},"88":{"loc":{"start":{"line":759,"column":2},"end":{"line":759,"column":45}},"type":"if","locations":[{"start":{"line":759,"column":2},"end":{"line":759,"column":45}},{"start":{},"end":{}}],"line":759},"89":{"loc":{"start":{"line":766,"column":17},"end":{"line":766,"column":44}},"type":"binary-expr","locations":[{"start":{"line":766,"column":17},"end":{"line":766,"column":33}},{"start":{"line":766,"column":37},"end":{"line":766,"column":44}}],"line":766},"90":{"loc":{"start":{"line":771,"column":16},"end":{"line":771,"column":29}},"type":"binary-expr","locations":[{"start":{"line":771,"column":16},"end":{"line":771,"column":21}},{"start":{"line":771,"column":25},"end":{"line":771,"column":29}}],"line":771},"91":{"loc":{"start":{"line":779,"column":0},"end":{"line":781,"column":1}},"type":"if","locations":[{"start":{"line":779,"column":0},"end":{"line":781,"column":1}},{"start":{},"end":{}}],"line":779},"92":{"loc":{"start":{"line":788,"column":50},"end":{"line":788,"column":159}},"type":"cond-expr","locations":[{"start":{"line":788,"column":56},"end":{"line":788,"column":106}},{"start":{"line":788,"column":109},"end":{"line":788,"column":159}}],"line":788},"93":{"loc":{"start":{"line":790,"column":59},"end":{"line":790,"column":171}},"type":"cond-expr","locations":[{"start":{"line":790,"column":65},"end":{"line":790,"column":116}},{"start":{"line":790,"column":119},"end":{"line":790,"column":171}}],"line":790},"94":{"loc":{"start":{"line":792,"column":58},"end":{"line":792,"column":177}},"type":"cond-expr","locations":[{"start":{"line":792,"column":64},"end":{"line":792,"column":120}},{"start":{"line":792,"column":123},"end":{"line":792,"column":177}}],"line":792},"95":{"loc":{"start":{"line":794,"column":53},"end":{"line":794,"column":162}},"type":"cond-expr","locations":[{"start":{"line":794,"column":59},"end":{"line":794,"column":114}},{"start":{"line":794,"column":117},"end":{"line":794,"column":162}}],"line":794},"96":{"loc":{"start":{"line":796,"column":48},"end":{"line":796,"column":150}},"type":"cond-expr","locations":[{"start":{"line":796,"column":54},"end":{"line":796,"column":104}},{"start":{"line":796,"column":107},"end":{"line":796,"column":150}}],"line":796},"97":{"loc":{"start":{"line":798,"column":71},"end":{"line":798,"column":201}},"type":"cond-expr","locations":[{"start":{"line":798,"column":77},"end":{"line":798,"column":133}},{"start":{"line":798,"column":136},"end":{"line":798,"column":201}}],"line":798},"98":{"loc":{"start":{"line":800,"column":29},"end":{"line":800,"column":70}},"type":"cond-expr","locations":[{"start":{"line":800,"column":35},"end":{"line":800,"column":50}},{"start":{"line":800,"column":53},"end":{"line":800,"column":70}}],"line":800},"99":{"loc":{"start":{"line":814,"column":13},"end":{"line":814,"column":68}},"type":"binary-expr","locations":[{"start":{"line":814,"column":13},"end":{"line":814,"column":42}},{"start":{"line":814,"column":46},"end":{"line":814,"column":68}}],"line":814},"100":{"loc":{"start":{"line":819,"column":13},"end":{"line":819,"column":56}},"type":"binary-expr","locations":[{"start":{"line":819,"column":13},"end":{"line":819,"column":36}},{"start":{"line":819,"column":40},"end":{"line":819,"column":56}}],"line":819},"101":{"loc":{"start":{"line":829,"column":15},"end":{"line":829,"column":59}},"type":"binary-expr","locations":[{"start":{"line":829,"column":15},"end":{"line":829,"column":35}},{"start":{"line":829,"column":39},"end":{"line":829,"column":59}}],"line":829},"102":{"loc":{"start":{"line":830,"column":2},"end":{"line":830,"column":20}},"type":"if","locations":[{"start":{"line":830,"column":2},"end":{"line":830,"column":20}},{"start":{},"end":{}}],"line":830},"103":{"loc":{"start":{"line":834,"column":4},"end":{"line":834,"column":46}},"type":"if","locations":[{"start":{"line":834,"column":4},"end":{"line":834,"column":46}},{"start":{},"end":{}}],"line":834},"104":{"loc":{"start":{"line":854,"column":0},"end":{"line":856,"column":1}},"type":"if","locations":[{"start":{"line":854,"column":0},"end":{"line":856,"column":1}},{"start":{},"end":{}}],"line":854},"105":{"loc":{"start":{"line":859,"column":0},"end":{"line":866,"column":1}},"type":"if","locations":[{"start":{"line":859,"column":0},"end":{"line":866,"column":1}},{"start":{},"end":{}}],"line":859},"106":{"loc":{"start":{"line":859,"column":4},"end":{"line":859,"column":51}},"type":"binary-expr","locations":[{"start":{"line":859,"column":4},"end":{"line":859,"column":33}},{"start":{"line":859,"column":37},"end":{"line":859,"column":51}}],"line":859}},"s":{"0":1,"1":1,"2":1,"3":1,"4":1,"5":1,"6":1,"7":1,"8":1,"9":1,"10":1,"11":1,"12":1,"13":1,"14":1,"15":0,"16":0,"17":0,"18":0,"19":0,"20":0,"21":0,"22":0,"23":0,"24":0,"25":1,"26":1,"27":1,"28":0,"29":1,"30":1,"31":0,"32":1,"33":1,"34":0,"35":0,"36":0,"37":1,"38":1,"39":0,"40":0,"41":0,"42":0,"43":0,"44":0,"45":0,"46":0,"47":0,"48":1,"49":0,"50":0,"51":0,"52":0,"53":0,"54":0,"55":0,"56":0,"57":0,"58":0,"59":0,"60":0,"61":0,"62":0,"63":0,"64":0,"65":0,"66":0,"67":0,"68":0,"69":0,"70":0,"71":0,"72":0,"73":0,"74":0,"75":0,"76":0,"77":0,"78":0,"79":0,"80":0,"81":0,"82":0,"83":0,"84":0,"85":0,"86":0,"87":0,"88":0,"89":0,"90":0,"91":0,"92":0,"93":0,"94":0,"95":0,"96":0,"97":0,"98":0,"99":0,"100":0,"101":0,"102":0,"103":0,"104":0,"105":1,"106":0,"107":0,"108":1,"109":0,"110":0,"111":0,"112":0,"113":0,"114":0,"115":0,"116":0,"117":0,"118":0,"119":0,"120":0,"121":0,"122":0,"123":0,"124":0,"125":0,"126":0,"127":0,"128":0,"129":0,"130":0,"131":0,"132":0,"133":0,"134":0,"135":0,"136":0,"137":0,"138":0,"139":0,"140":0,"141":0,"142":0,"143":0,"144":0,"145":0,"146":0,"147":0,"148":0,"149":0,"150":1,"151":0,"152":0,"153":0,"154":0,"155":0,"156":0,"157":1,"158":0,"159":0,"160":0,"161":0,"162":0,"163":0,"164":0,"165":0,"166":0,"167":0,"168":0,"169":0,"170":0,"171":0,"172":0,"173":0,"174":0,"175":0,"176":0,"177":0,"178":0,"179":0,"180":0,"181":0,"182":0,"183":0,"184":0,"185":0,"186":0,"187":0,"188":0,"189":0,"190":0,"191":1,"192":0,"193":0,"194":0,"195":0,"196":0,"197":0,"198":0,"199":0,"200":0,"201":0,"202":0,"203":0,"204":0,"205":0,"206":0,"207":0,"208":0,"209":0,"210":0,"211":0,"212":0,"213":0,"214":0,"215":6,"216":2,"217":4,"218":2,"219":2,"220":0,"221":0,"222":0,"223":0,"224":1,"225":0,"226":0,"227":1,"228":0,"229":0,"230":0,"231":0,"232":0,"233":0,"234":0,"235":0,"236":0,"237":0,"238":0,"239":0,"240":0,"241":0,"242":0,"243":0,"244":0,"245":0,"246":0,"247":0,"248":0,"249":0,"250":0,"251":0,"252":0,"253":0,"254":0,"255":0,"256":0,"257":0,"258":0,"259":0,"260":0,"261":0,"262":0,"263":0,"264":0,"265":0,"266":0,"267":0,"268":0,"269":0,"270":0,"271":0,"272":0,"273":0,"274":0,"275":0,"276":0,"277":0,"278":0,"279":0,"280":0,"281":0,"282":0,"283":0,"284":0,"285":0,"286":0,"287":0,"288":0,"289":0,"290":0,"291":0,"292":0,"293":0,"294":0,"295":0,"296":0,"297":0,"298":0,"299":0,"300":0,"301":0,"302":0,"303":0,"304":0,"305":0,"306":0,"307":0,"308":0,"309":0,"310":0,"311":0,"312":0,"313":0,"314":0,"315":0,"316":0,"317":0,"318":0,"319":0,"320":0,"321":0,"322":0,"323":0,"324":0,"325":0,"326":0,"327":0,"328":0,"329":0,"330":0,"331":0,"332":0,"333":0,"334":0,"335":0,"336":0,"337":1,"338":0,"339":0,"340":0,"341":1,"342":0,"343":0,"344":0,"345":0,"346":0,"347":0,"348":0,"349":0,"350":0,"351":0,"352":0,"353":0,"354":0,"355":0,"356":0,"357":0,"358":0,"359":0,"360":0,"361":0,"362":0,"363":0,"364":0,"365":0,"366":0,"367":0,"368":0,"369":0,"370":0,"371":0,"372":0,"373":0,"374":0,"375":0,"376":0,"377":0,"378":0,"379":0,"380":0,"381":0,"382":0,"383":0,"384":0,"385":0,"386":0,"387":0,"388":0,"389":0,"390":0,"391":0,"392":0,"393":1,"394":0,"395":0,"396":0,"397":0,"398":0,"399":0,"400":0,"401":0,"402":0,"403":0,"404":0,"405":0,"406":0,"407":1,"408":0,"409":1,"410":2,"411":0,"412":0,"413":0,"414":0,"415":0,"416":0,"417":1,"418":0,"419":1,"420":0,"421":0,"422":0,"423":0,"424":0,"425":2,"426":2,"427":1,"428":1,"429":8,"430":1,"431":1,"432":1,"433":0,"434":0,"435":0,"436":0,"437":0,"438":0,"439":0,"440":0,"441":0,"442":0,"443":0,"444":0,"445":0,"446":0,"447":0,"448":0,"449":1,"450":1,"451":1,"452":1},"f":{"0":0,"1":1,"2":0,"3":0,"4":1,"5":0,"6":0,"7":0,"8":0,"9":0,"10":0,"11":0,"12":0,"13":0,"14":0,"15":0,"16":0,"17":0,"18":0,"19":0,"20":0,"21":0,"22":0,"23":0,"24":0,"25":0,"26":0,"27":0,"28":0,"29":0,"30":0,"31":0,"32":0,"33":0,"34":0,"35":0,"36":0,"37":6,"38":0,"39":0,"40":0,"41":0,"42":0,"43":0,"44":0,"45":0,"46":0,"47":0,"48":0,"49":0,"50":0,"51":0,"52":0,"53":0,"54":0,"55":0,"56":0,"57":0,"58":0,"59":0,"60":0,"61":0,"62":0,"63":0,"64":2,"65":0,"66":0,"67":0,"68":0,"69":0,"70":0,"71":0,"72":1,"73":0,"74":0,"75":0,"76":0,"77":0,"78":2,"79":1,"80":8,"81":1,"82":0,"83":0},"b":{"0":[0],"1":[0,0],"2":[0,0],"3":[0,0],"4":[0,0],"5":[0,1],"6":[1,0],"7":[0,1],"8":[0,0],"9":[0,0],"10":[0,0],"11":[0,0],"12":[0,0],"13":[0,0],"14":[0,0],"15":[0,0],"16":[0,0],"17":[0,0],"18":[0,0],"19":[0,0],"20":[0,0],"21":[0,0],"22":[0,0],"23":[0,0],"24":[0,0],"25":[0,0],"26":[0,0],"27":[0,0],"28":[0,0],"29":[0,0],"30":[0,0],"31":[0,0],"32":[0,0],"33":[0,0],"34":[0,0],"35":[0,0],"36":[0,0],"37":[0,0],"38":[0,0],"39":[0,0],"40":[0,0],"41":[0,0],"42":[0,0],"43":[0,0],"44":[2,4],"45":[2,2],"46":[0,0],"47":[0,0],"48":[0,0],"49":[0,0],"50":[0,0],"51":[0,0],"52":[0,0],"53":[0,0],"54":[0,0],"55":[0,0],"56":[0,0],"57":[0,0],"58":[0,0],"59":[0,0,0],"60":[0,0],"61":[0,0],"62":[0,0],"63":[0,0],"64":[0,0],"65":[0,0],"66":[0,0],"67":[0,0],"68":[0,0],"69":[0,0],"70":[0,0],"71":[0,0],"72":[0,0],"73":[0,0],"74":[0,0],"75":[0,0],"76":[0,0],"77":[0,0],"78":[0,0],"79":[0,0],"80":[0,0],"81":[0,0],"82":[0,0],"83":[0,0],"84":[0,0],"85":[0,0],"86":[0,0],"87":[0,0],"88":[0,0],"89":[0,0],"90":[0,0],"91":[0,1],"92":[1,1],"93":[0,0],"94":[0,0],"95":[0,0],"96":[0,0],"97":[0,0],"98":[0,0],"99":[2,0],"100":[1,0],"101":[1,1],"102":[1,0],"103":[0,0],"104":[1,0],"105":[1,0],"106":[1,1]},"_coverageSchema":"1a1c01bbd47fc00a2c39e90264f33305004495a9","hash":"1f421c53bcd87e03b474dd43e2329e5bb33ac206"}
}
