TN:
SF:public\app.js
FN:67,triggerHaptic
FN:79,boot
FN:97,(anonymous_2)
FN:98,(anonymous_3)
FN:105,loadMockData
FN:108,(anonymous_5)
FN:109,(anonymous_6)
FN:110,(anonymous_7)
FN:111,(anonymous_8)
FN:126,initAuth
FN:129,(anonymous_10)
FN:142,(anonymous_11)
FN:146,(anonymous_12)
FN:150,(anonymous_13)
FN:157,(anonymous_14)
FN:167,(anonymous_15)
FN:173,(anonymous_16)
FN:181,(anonymous_17)
FN:194,showPostLoginUI
FN:205,showScreen
FN:206,(anonymous_20)
FN:220,(anonymous_21)
FN:227,triggerScanFlow
FN:241,(anonymous_23)
FN:244,(anonymous_24)
FN:247,(anonymous_25)
FN:250,(anonymous_26)
FN:263,resolveGate
FN:296,(anonymous_28)
FN:307,setupMatchScreen
FN:318,startMatchSequence
FN:323,advanceMatchStep
FN:339,applyMatchStatus
FN:370,(anonymous_33)
FN:372,(anonymous_34)
FN:381,renderCongestion
FN:386,(anonymous_36)
FN:409,congestionColor
FN:418,triggerExitScreen
FN:425,(anonymous_39)
FN:430,(anonymous_40)
FN:436,showHelpConnect
FN:439,(anonymous_42)
FN:469,getGeminiModel
FN:483,callGemini
FN:489,fetchDirections
FN:498,(anonymous_46)
FN:510,getCurrentCongestion
FN:519,handleDirectionsState
FN:560,handleWaitState
FN:591,startRecheckCountdown
FN:597,(anonymous_51)
FN:608,clearCountdown
FN:613,formatCountdown
FN:620,showResultLoading
FN:634,showResultCard
FN:661,(anonymous_56)
FN:667,(anonymous_57)
FN:678,(anonymous_58)
FN:707,pushA11yUpdate
FN:744,(anonymous_60)
FN:758,speakMessage
FN:768,(anonymous_62)
FN:780,(anonymous_63)
FN:787,(anonymous_64)
FN:789,(anonymous_65)
FN:791,(anonymous_66)
FN:793,(anonymous_67)
FN:795,(anonymous_68)
FN:797,(anonymous_69)
FN:799,(anonymous_70)
FN:804,(anonymous_71)
FN:805,(anonymous_72)
FN:806,(anonymous_73)
FN:807,(anonymous_74)
FN:808,(anonymous_75)
FN:809,(anonymous_76)
FN:810,(anonymous_77)
FN:813,localFallbackDirections
FN:818,localFallbackWait
FN:826,$
FN:828,updateUIForLanguage
FN:832,(anonymous_82)
FN:838,resetSession
FNF:84
FNH:9
FNDA:0,triggerHaptic
FNDA:1,boot
FNDA:0,(anonymous_2)
FNDA:0,(anonymous_3)
FNDA:1,loadMockData
FNDA:0,(anonymous_5)
FNDA:0,(anonymous_6)
FNDA:0,(anonymous_7)
FNDA:0,(anonymous_8)
FNDA:0,initAuth
FNDA:0,(anonymous_10)
FNDA:0,(anonymous_11)
FNDA:0,(anonymous_12)
FNDA:0,(anonymous_13)
FNDA:0,(anonymous_14)
FNDA:0,(anonymous_15)
FNDA:0,(anonymous_16)
FNDA:0,(anonymous_17)
FNDA:0,showPostLoginUI
FNDA:0,showScreen
FNDA:0,(anonymous_20)
FNDA:0,(anonymous_21)
FNDA:0,triggerScanFlow
FNDA:0,(anonymous_23)
FNDA:0,(anonymous_24)
FNDA:0,(anonymous_25)
FNDA:0,(anonymous_26)
FNDA:0,resolveGate
FNDA:0,(anonymous_28)
FNDA:0,setupMatchScreen
FNDA:0,startMatchSequence
FNDA:0,advanceMatchStep
FNDA:0,applyMatchStatus
FNDA:0,(anonymous_33)
FNDA:0,(anonymous_34)
FNDA:0,renderCongestion
FNDA:0,(anonymous_36)
FNDA:6,congestionColor
FNDA:0,triggerExitScreen
FNDA:0,(anonymous_39)
FNDA:0,(anonymous_40)
FNDA:0,showHelpConnect
FNDA:0,(anonymous_42)
FNDA:0,getGeminiModel
FNDA:0,callGemini
FNDA:0,fetchDirections
FNDA:0,(anonymous_46)
FNDA:0,getCurrentCongestion
FNDA:0,handleDirectionsState
FNDA:0,handleWaitState
FNDA:0,startRecheckCountdown
FNDA:0,(anonymous_51)
FNDA:0,clearCountdown
FNDA:0,formatCountdown
FNDA:0,showResultLoading
FNDA:0,showResultCard
FNDA:0,(anonymous_56)
FNDA:0,(anonymous_57)
FNDA:0,(anonymous_58)
FNDA:0,pushA11yUpdate
FNDA:0,(anonymous_60)
FNDA:0,speakMessage
FNDA:0,(anonymous_62)
FNDA:0,(anonymous_63)
FNDA:2,(anonymous_64)
FNDA:0,(anonymous_65)
FNDA:0,(anonymous_66)
FNDA:0,(anonymous_67)
FNDA:0,(anonymous_68)
FNDA:0,(anonymous_69)
FNDA:0,(anonymous_70)
FNDA:0,(anonymous_71)
FNDA:1,(anonymous_72)
FNDA:0,(anonymous_73)
FNDA:0,(anonymous_74)
FNDA:0,(anonymous_75)
FNDA:0,(anonymous_76)
FNDA:0,(anonymous_77)
FNDA:2,localFallbackDirections
FNDA:1,localFallbackWait
FNDA:8,$
FNDA:1,updateUIForLanguage
FNDA:0,(anonymous_82)
FNDA:0,resetSession
DA:17,1
DA:21,1
DA:24,1
DA:27,1
DA:32,1
DA:49,1
DA:50,1
DA:51,1
DA:52,1
DA:55,1
DA:56,1
DA:57,1
DA:58,1
DA:59,1
DA:60,1
DA:68,0
DA:69,0
DA:70,0
DA:71,0
DA:72,0
DA:73,0
DA:80,1
DA:83,1
DA:84,1
DA:85,0
DA:87,1
DA:90,1
DA:91,0
DA:93,1
DA:97,1
DA:98,0
DA:99,0
DA:106,1
DA:107,1
DA:108,0
DA:109,0
DA:110,0
DA:111,0
DA:113,0
DA:114,0
DA:115,0
DA:116,0
DA:117,0
DA:119,1
DA:127,0
DA:129,0
DA:130,0
DA:131,0
DA:132,0
DA:134,0
DA:135,0
DA:137,0
DA:142,0
DA:144,0
DA:145,0
DA:146,0
DA:147,0
DA:149,0
DA:150,0
DA:151,0
DA:153,0
DA:154,0
DA:157,0
DA:158,0
DA:159,0
DA:161,0
DA:162,0
DA:167,0
DA:168,0
DA:169,0
DA:170,0
DA:173,0
DA:175,0
DA:177,0
DA:178,0
DA:179,0
DA:181,0
DA:182,0
DA:183,0
DA:184,0
DA:185,0
DA:186,0
DA:187,0
DA:188,0
DA:189,0
DA:195,0
DA:196,0
DA:197,0
DA:198,0
DA:199,0
DA:206,0
DA:207,0
DA:208,0
DA:211,0
DA:214,0
DA:220,1
DA:221,0
DA:222,0
DA:225,1
DA:228,0
DA:229,0
DA:230,0
DA:232,0
DA:233,0
DA:235,0
DA:236,0
DA:238,0
DA:239,0
DA:241,0
DA:242,0
DA:244,0
DA:245,0
DA:247,0
DA:248,0
DA:250,0
DA:251,0
DA:252,0
DA:253,0
DA:254,0
DA:255,0
DA:256,0
DA:264,0
DA:265,0
DA:266,0
DA:268,0
DA:269,0
DA:272,0
DA:273,0
DA:274,0
DA:275,0
DA:276,0
DA:277,0
DA:280,0
DA:281,0
DA:284,0
DA:285,0
DA:287,0
DA:288,0
DA:290,0
DA:293,0
DA:296,1
DA:297,0
DA:298,0
DA:299,0
DA:309,0
DA:310,0
DA:313,0
DA:316,1
DA:319,0
DA:320,0
DA:324,0
DA:326,0
DA:327,0
DA:329,0
DA:330,0
DA:331,0
DA:334,0
DA:335,0
DA:336,0
DA:340,0
DA:341,0
DA:344,0
DA:345,0
DA:347,0
DA:348,0
DA:349,0
DA:350,0
DA:351,0
DA:354,0
DA:355,0
DA:356,0
DA:359,0
DA:360,0
DA:362,0
DA:363,0
DA:365,0
DA:366,0
DA:370,1
DA:371,0
DA:372,0
DA:373,0
DA:374,0
DA:375,0
DA:376,0
DA:382,0
DA:383,0
DA:384,0
DA:386,0
DA:387,0
DA:388,0
DA:389,0
DA:391,0
DA:392,0
DA:393,0
DA:394,0
DA:395,0
DA:396,0
DA:405,0
DA:410,6
DA:411,4
DA:412,2
DA:419,0
DA:420,0
DA:421,0
DA:422,0
DA:425,1
DA:426,0
DA:427,0
DA:430,1
DA:431,0
DA:432,0
DA:437,0
DA:439,0
DA:440,0
DA:441,0
DA:442,0
DA:444,0
DA:448,0
DA:452,0
DA:459,0
DA:461,0
DA:462,0
DA:470,0
DA:471,0
DA:472,0
DA:473,0
DA:484,0
DA:485,0
DA:486,0
DA:487,0
DA:490,0
DA:493,0
DA:494,0
DA:496,0
DA:497,0
DA:498,0
DA:499,0
DA:501,0
DA:503,0
DA:506,0
DA:512,0
DA:513,0
DA:514,0
DA:516,0
DA:520,0
DA:521,0
DA:524,0
DA:526,0
DA:527,0
DA:538,0
DA:543,0
DA:544,0
DA:545,0
DA:548,0
DA:549,0
DA:553,0
DA:555,0
DA:556,0
DA:557,0
DA:562,0
DA:564,0
DA:565,0
DA:566,0
DA:571,0
DA:572,0
DA:573,0
DA:575,0
DA:576,0
DA:580,0
DA:582,0
DA:583,0
DA:584,0
DA:587,0
DA:592,0
DA:593,0
DA:594,0
DA:596,0
DA:597,0
DA:598,0
DA:599,0
DA:600,0
DA:601,0
DA:602,0
DA:603,0
DA:609,0
DA:610,0
DA:614,0
DA:615,0
DA:616,0
DA:621,0
DA:622,0
DA:623,0
DA:624,0
DA:625,0
DA:626,0
DA:629,0
DA:630,0
DA:631,0
DA:635,0
DA:637,0
DA:638,0
DA:639,0
DA:640,0
DA:641,0
DA:643,0
DA:644,0
DA:645,0
DA:646,0
DA:647,0
DA:648,0
DA:654,0
DA:657,0
DA:661,1
DA:662,0
DA:663,0
DA:664,0
DA:667,1
DA:668,0
DA:669,0
DA:670,0
DA:671,0
DA:672,0
DA:673,0
DA:675,0
DA:678,0
DA:679,0
DA:682,0
DA:684,0
DA:685,0
DA:686,0
DA:687,0
DA:689,0
DA:690,0
DA:691,0
DA:692,0
DA:693,0
DA:694,0
DA:695,0
DA:708,0
DA:710,0
DA:711,0
DA:712,0
DA:714,0
DA:715,0
DA:716,0
DA:718,0
DA:721,0
DA:724,0
DA:725,0
DA:726,0
DA:727,0
DA:728,0
DA:731,0
DA:732,0
DA:733,0
DA:737,0
DA:738,0
DA:742,0
DA:743,0
DA:744,0
DA:745,0
DA:746,0
DA:753,1
DA:759,0
DA:760,0
DA:763,0
DA:765,0
DA:766,0
DA:767,0
DA:768,0
DA:771,0
DA:772,0
DA:773,0
DA:775,0
DA:779,1
DA:780,0
DA:786,1
DA:788,2
DA:790,0
DA:792,0
DA:794,0
DA:796,0
DA:798,0
DA:800,0
DA:803,1
DA:804,0
DA:805,1
DA:806,0
DA:807,0
DA:808,0
DA:809,0
DA:810,0
DA:814,2
DA:815,2
DA:819,1
DA:820,1
DA:826,8
DA:829,1
DA:830,1
DA:832,0
DA:833,0
DA:834,0
DA:839,0
DA:840,0
DA:841,0
DA:842,0
DA:843,0
DA:844,0
DA:845,0
DA:846,0
DA:847,0
DA:848,0
DA:849,0
DA:850,0
DA:854,1
DA:855,1
DA:859,1
DA:860,1
LF:418
LH:54
BRDA:67,0,0,0
BRDA:68,1,0,0
BRDA:68,1,1,0
BRDA:70,2,0,0
BRDA:70,2,1,0
BRDA:71,3,0,0
BRDA:71,3,1,0
BRDA:72,4,0,0
BRDA:72,4,1,0
BRDA:84,5,0,0
BRDA:84,5,1,1
BRDA:84,6,0,1
BRDA:84,6,1,0
BRDA:90,7,0,0
BRDA:90,7,1,1
BRDA:99,8,0,0
BRDA:99,8,1,0
BRDA:117,9,0,0
BRDA:117,9,1,0
BRDA:130,10,0,0
BRDA:130,10,1,0
BRDA:134,11,0,0
BRDA:134,11,1,0
BRDA:161,12,0,0
BRDA:161,12,1,0
BRDA:175,13,0,0
BRDA:175,13,1,0
BRDA:195,14,0,0
BRDA:195,14,1,0
BRDA:196,15,0,0
BRDA:196,15,1,0
BRDA:197,16,0,0
BRDA:197,16,1,0
BRDA:208,17,0,0
BRDA:208,17,1,0
BRDA:211,18,0,0
BRDA:211,18,1,0
BRDA:235,19,0,0
BRDA:235,19,1,0
BRDA:251,20,0,0
BRDA:251,20,1,0
BRDA:272,21,0,0
BRDA:272,21,1,0
BRDA:272,22,0,0
BRDA:272,22,1,0
BRDA:275,23,0,0
BRDA:275,23,1,0
BRDA:287,24,0,0
BRDA:287,24,1,0
BRDA:324,25,0,0
BRDA:324,25,1,0
BRDA:329,26,0,0
BRDA:329,26,1,0
BRDA:334,27,0,0
BRDA:334,27,1,0
BRDA:341,28,0,0
BRDA:341,28,1,0
BRDA:344,29,0,0
BRDA:344,29,1,0
BRDA:345,30,0,0
BRDA:345,30,1,0
BRDA:349,31,0,0
BRDA:349,31,1,0
BRDA:350,32,0,0
BRDA:350,32,1,0
BRDA:351,33,0,0
BRDA:351,33,1,0
BRDA:354,34,0,0
BRDA:354,34,1,0
BRDA:359,35,0,0
BRDA:359,35,1,0
BRDA:362,36,0,0
BRDA:362,36,1,0
BRDA:373,37,0,0
BRDA:373,37,1,0
BRDA:383,38,0,0
BRDA:383,38,1,0
BRDA:387,39,0,0
BRDA:387,39,1,0
BRDA:389,40,0,0
BRDA:389,40,1,0
BRDA:397,41,0,0
BRDA:397,41,1,0
BRDA:398,42,0,0
BRDA:398,42,1,0
BRDA:398,43,0,0
BRDA:398,43,1,0
BRDA:410,44,0,2
BRDA:410,44,1,4
BRDA:411,45,0,2
BRDA:411,45,1,2
BRDA:420,46,0,0
BRDA:420,46,1,0
BRDA:421,47,0,0
BRDA:421,47,1,0
BRDA:441,48,0,0
BRDA:441,48,1,0
BRDA:442,49,0,0
BRDA:442,49,1,0
BRDA:444,50,0,0
BRDA:444,50,1,0
BRDA:444,51,0,0
BRDA:444,51,1,0
BRDA:448,52,0,0
BRDA:448,52,1,0
BRDA:454,53,0,0
BRDA:454,53,1,0
BRDA:471,54,0,0
BRDA:471,54,1,0
BRDA:485,55,0,0
BRDA:485,55,1,0
BRDA:497,56,0,0
BRDA:497,56,1,0
BRDA:501,57,0,0
BRDA:501,57,1,0
BRDA:513,58,0,0
BRDA:513,58,1,0
BRDA:513,59,0,0
BRDA:513,59,1,0
BRDA:513,59,2,0
BRDA:516,60,0,0
BRDA:516,60,1,0
BRDA:553,61,0,0
BRDA:553,61,1,0
BRDA:555,62,0,0
BRDA:555,62,1,0
BRDA:580,63,0,0
BRDA:580,63,1,0
BRDA:582,64,0,0
BRDA:582,64,1,0
BRDA:600,65,0,0
BRDA:600,65,1,0
BRDA:621,66,0,0
BRDA:621,66,1,0
BRDA:622,67,0,0
BRDA:622,67,1,0
BRDA:638,68,0,0
BRDA:638,68,1,0
BRDA:644,69,0,0
BRDA:644,69,1,0
BRDA:646,70,0,0
BRDA:646,70,1,0
BRDA:647,71,0,0
BRDA:647,71,1,0
BRDA:648,72,0,0
BRDA:648,72,1,0
BRDA:650,73,0,0
BRDA:650,73,1,0
BRDA:675,74,0,0
BRDA:675,74,1,0
BRDA:686,75,0,0
BRDA:686,75,1,0
BRDA:687,76,0,0
BRDA:687,76,1,0
BRDA:716,77,0,0
BRDA:716,77,1,0
BRDA:716,78,0,0
BRDA:716,78,1,0
BRDA:724,79,0,0
BRDA:724,79,1,0
BRDA:726,80,0,0
BRDA:726,80,1,0
BRDA:728,81,0,0
BRDA:728,81,1,0
BRDA:733,82,0,0
BRDA:733,82,1,0
BRDA:737,83,0,0
BRDA:737,83,1,0
BRDA:737,84,0,0
BRDA:737,84,1,0
BRDA:743,85,0,0
BRDA:743,85,1,0
BRDA:745,86,0,0
BRDA:745,86,1,0
BRDA:745,87,0,0
BRDA:745,87,1,0
BRDA:759,88,0,0
BRDA:759,88,1,0
BRDA:766,89,0,0
BRDA:766,89,1,0
BRDA:771,90,0,0
BRDA:771,90,1,0
BRDA:779,91,0,0
BRDA:779,91,1,1
BRDA:788,92,0,1
BRDA:788,92,1,1
BRDA:790,93,0,0
BRDA:790,93,1,0
BRDA:792,94,0,0
BRDA:792,94,1,0
BRDA:794,95,0,0
BRDA:794,95,1,0
BRDA:796,96,0,0
BRDA:796,96,1,0
BRDA:798,97,0,0
BRDA:798,97,1,0
BRDA:800,98,0,0
BRDA:800,98,1,0
BRDA:814,99,0,2
BRDA:814,99,1,0
BRDA:819,100,0,1
BRDA:819,100,1,0
BRDA:829,101,0,1
BRDA:829,101,1,1
BRDA:830,102,0,1
BRDA:830,102,1,0
BRDA:834,103,0,0
BRDA:834,103,1,0
BRDA:854,104,0,1
BRDA:854,104,1,0
BRDA:859,105,0,1
BRDA:859,105,1,0
BRDA:859,106,0,1
BRDA:859,106,1,1
BRF:214
BRH:19
end_of_record
